<?xml version="1.0" encoding="UTF-8"?>
<testng-results skipped="0" failed="0" total="1" passed="1">
  <reporter-output>
  </reporter-output>
  <suite name="Default suite" duration-ms="214841" started-at="2014-10-02T20:17:38Z" finished-at="2014-10-02T20:21:13Z">
    <groups>
    </groups>
    <test name="Default test" duration-ms="214841" started-at="2014-10-02T20:17:38Z" finished-at="2014-10-02T20:21:13Z">
      <class name="myrp.test.SmokeTestProd">
        <test-method status="PASS" signature="Startup(java.lang.String)[pri:0, instance:myrp.test.SmokeTestProd@68e0a1b9]" name="Startup" is-config="true" duration-ms="167382" started-at="2014-10-03T04:17:38Z" finished-at="2014-10-03T04:20:26Z">
          <params>
            <param index="0">
              <value is-null="true"/>
            </param>
          </params>
          <reporter-output>
          </reporter-output>
        </test-method> <!-- Startup -->
        <test-method status="PASS" signature="verifyEstimatedValueSubscription()[pri:0, instance:myrp.test.SmokeTestProd@68e0a1b9]" name="verifyEstimatedValueSubscription" duration-ms="46746" started-at="2014-10-03T04:20:26Z" finished-at="2014-10-03T04:21:13Z">
          <reporter-output>
          </reporter-output>
        </test-method> <!-- verifyEstimatedValueSubscription -->
        <test-method status="PASS" signature="teardown()[pri:0, instance:myrp.test.SmokeTestProd@68e0a1b9]" name="teardown" is-config="true" duration-ms="533" started-at="2014-10-03T04:21:13Z" finished-at="2014-10-03T04:21:13Z">
          <reporter-output>
          </reporter-output>
        </test-method> <!-- teardown -->
      </class> <!-- myrp.test.SmokeTestProd -->
    </test> <!-- Default test -->
  </suite> <!-- Default suite -->
</testng-results>
