<?xml version="1.0" encoding="UTF-8"?>
<testng-results skipped="0" failed="0" total="1" passed="1">
  <reporter-output>
  </reporter-output>
  <suite name="Default suite" duration-ms="56993" started-at="2014-10-02T23:33:52Z" finished-at="2014-10-02T23:34:49Z">
    <groups>
    </groups>
    <test name="Default test" duration-ms="56993" started-at="2014-10-02T23:33:52Z" finished-at="2014-10-02T23:34:49Z">
      <class name="myrp.test.SmokeTestProd">
        <test-method status="PASS" signature="Startup(java.lang.String)[pri:0, instance:myrp.test.SmokeTestProd@7532bfa4]" name="Startup" is-config="true" duration-ms="26847" started-at="2014-10-03T07:33:52Z" finished-at="2014-10-03T07:34:19Z">
          <params>
            <param index="0">
              <value is-null="true"/>
            </param>
          </params>
          <reporter-output>
          </reporter-output>
        </test-method> <!-- Startup -->
        <test-method status="PASS" signature="verifyExternalConnections()[pri:0, instance:myrp.test.SmokeTestProd@7532bfa4]" name="verifyExternalConnections" duration-ms="29922" started-at="2014-10-03T07:34:19Z" finished-at="2014-10-03T07:34:49Z">
          <reporter-output>
          </reporter-output>
        </test-method> <!-- verifyExternalConnections -->
        <test-method status="PASS" signature="teardown()[pri:0, instance:myrp.test.SmokeTestProd@7532bfa4]" name="teardown" is-config="true" duration-ms="158" started-at="2014-10-03T07:34:49Z" finished-at="2014-10-03T07:34:49Z">
          <reporter-output>
          </reporter-output>
        </test-method> <!-- teardown -->
      </class> <!-- myrp.test.SmokeTestProd -->
    </test> <!-- Default test -->
  </suite> <!-- Default suite -->
</testng-results>
