<?xml version="1.0" encoding="UTF-8"?>
<!-- Generated by org.testng.reporters.JUnitReportReporter -->
<testsuite hostname="Twist-Resourcess-iMac.local" name="com.test.BusinessUserRegistration" tests="20" failures="20" timestamp="3 Mar 2014 10:59:01 GMT" time="0.036" errors="0">
  <testcase name="UserRegistration" time="0.001" classname="com.test.BusinessUserRegistration">
    <failure type="org.openqa.selenium.UnhandledAlertException" message="Modal dialog present: 
Build info: version: &#039;2.40.0&#039;, revision: &#039;fbe29a9&#039;, time: &#039;2014-02-19 20:54:28&#039;
System info: host: &#039;Asity&#039;, ip: &#039;10.0.1.44&#039;, os.name: &#039;Windows 7&#039;, os.arch: &#039;x86&#039;, os.version: &#039;6.1&#039;, java.version: &#039;1.7.0_25&#039;
Session ID: 72294a06-fff8-490a-8e50-e8b0c2eaf43c
Driver info: org.openqa.selenium.ie.InternetExplorerDriver
Capabilities [{platform=WINDOWS, javascriptEnabled=true, elementScrollBehavior=0, ignoreZoomSetting=false, enablePersistentHover=true, ie.ensureCleanSession=false, browserName=internet explorer, enableElementCacheCleanup=true, unexpectedAlertBehaviour=ignore, version=8, ie.usePerProcessProxy=false, cssSelectorsEnabled=true, ignoreProtectedModeSettings=true, requireWindowFocus=false, handlesAlerts=true, initialBrowserUrl=http://localhost:16519/, ie.forceCreateProcessApi=false, nativeEvents=true, browserAttachTimeout=0, ie.browserCommandLineSwitches=, takesScreenshot=true}]: 
Build info: version: &#039;2.38.0&#039;, revision: &#039;bd32d4e7247a32d801b3d2d4f84a4e7384300378&#039;, time: &#039;2013-12-05 09:01:37&#039;
System info: host: &#039;Twist-Resourcess-iMac.local&#039;, ip: &#039;10.0.1.7&#039;, os.name: &#039;Mac OS X&#039;, os.arch: &#039;x86_64&#039;, os.version: &#039;10.8&#039;, java.version: &#039;1.7.0_04&#039;
Session ID: 0833d435-da22-438e-a638-9d6d6b2b3f80
Driver info: org.openqa.selenium.remote.RemoteWebDriver
Capabilities [{platform=WINDOWS, javascriptEnabled=true, elementScrollBehavior=0, ignoreZoomSetting=false, enablePersistentHover=true, ie.ensureCleanSession=false, browserName=internet explorer, enableElementCacheCleanup=true, unexpectedAlertBehaviour=ignore, webdriver.remote.sessionid=0833d435-da22-438e-a638-9d6d6b2b3f80, version=8, ie.usePerProcessProxy=false, ignoreProtectedModeSettings=true, cssSelectorsEnabled=true, requireWindowFocus=false, handlesAlerts=true, initialBrowserUrl=http://localhost:16519/, ie.forceCreateProcessApi=false, nativeEvents=true, browserAttachTimeout=0, ie.browserCommandLineSwitches=, takesScreenshot=true}]">
      <![CDATA[org.openqa.selenium.UnhandledAlertException: Modal dialog present: 
Build info: version: '2.40.0', revision: 'fbe29a9', time: '2014-02-19 20:54:28'
System info: host: 'Asity', ip: '10.0.1.44', os.name: 'Windows 7', os.arch: 'x86', os.version: '6.1', java.version: '1.7.0_25'
Session ID: 72294a06-fff8-490a-8e50-e8b0c2eaf43c
Driver info: org.openqa.selenium.ie.InternetExplorerDriver
Capabilities [{platform=WINDOWS, javascriptEnabled=true, elementScrollBehavior=0, ignoreZoomSetting=false, enablePersistentHover=true, ie.ensureCleanSession=false, browserName=internet explorer, enableElementCacheCleanup=true, unexpectedAlertBehaviour=ignore, version=8, ie.usePerProcessProxy=false, cssSelectorsEnabled=true, ignoreProtectedModeSettings=true, requireWindowFocus=false, handlesAlerts=true, initialBrowserUrl=http://localhost:16519/, ie.forceCreateProcessApi=false, nativeEvents=true, browserAttachTimeout=0, ie.browserCommandLineSwitches=, takesScreenshot=true}]: 
Build info: version: '2.38.0', revision: 'bd32d4e7247a32d801b3d2d4f84a4e7384300378', time: '2013-12-05 09:01:37'
System info: host: 'Twist-Resourcess-iMac.local', ip: '10.0.1.7', os.name: 'Mac OS X', os.arch: 'x86_64', os.version: '10.8', java.version: '1.7.0_04'
Session ID: 0833d435-da22-438e-a638-9d6d6b2b3f80
Driver info: org.openqa.selenium.remote.RemoteWebDriver
Capabilities [{platform=WINDOWS, javascriptEnabled=true, elementScrollBehavior=0, ignoreZoomSetting=false, enablePersistentHover=true, ie.ensureCleanSession=false, browserName=internet explorer, enableElementCacheCleanup=true, unexpectedAlertBehaviour=ignore, webdriver.remote.sessionid=0833d435-da22-438e-a638-9d6d6b2b3f80, version=8, ie.usePerProcessProxy=false, ignoreProtectedModeSettings=true, cssSelectorsEnabled=true, requireWindowFocus=false, handlesAlerts=true, initialBrowserUrl=http://localhost:16519/, ie.forceCreateProcessApi=false, nativeEvents=true, browserAttachTimeout=0, ie.browserCommandLineSwitches=, takesScreenshot=true}]
	at sun.reflect.NativeConstructorAccessorImpl.newInstance0(Native Method)
	at sun.reflect.NativeConstructorAccessorImpl.newInstance(NativeConstructorAccessorImpl.java:57)
	at sun.reflect.DelegatingConstructorAccessorImpl.newInstance(DelegatingConstructorAccessorImpl.java:45)
	at java.lang.reflect.Constructor.newInstance(Constructor.java:525)
	at org.openqa.selenium.remote.ErrorHandler.createThrowable(ErrorHandler.java:193)
	at org.openqa.selenium.remote.ErrorHandler.createUnhandledAlertException(ErrorHandler.java:174)
	at org.openqa.selenium.remote.ErrorHandler.throwIfResponseFailed(ErrorHandler.java:141)
	at org.openqa.selenium.remote.RemoteWebDriver.execute(RemoteWebDriver.java:554)
	at org.openqa.selenium.remote.RemoteWebDriver$RemoteWebDriverOptions$RemoteWindow.maximize(RemoteWebDriver.java:783)
	at com.library.TestInitReference.Startup(TestInitReference.java:113)
	at sun.reflect.NativeMethodAccessorImpl.invoke0(Native Method)
	at sun.reflect.NativeMethodAccessorImpl.invoke(NativeMethodAccessorImpl.java:57)
	at sun.reflect.DelegatingMethodAccessorImpl.invoke(DelegatingMethodAccessorImpl.java:43)
	at java.lang.reflect.Method.invoke(Method.java:601)
	at org.testng.internal.MethodInvocationHelper.invokeMethod(MethodInvocationHelper.java:84)
	at org.testng.internal.Invoker.invokeConfigurationMethod(Invoker.java:564)
	at org.testng.internal.Invoker.invokeConfigurations(Invoker.java:213)
	at org.testng.internal.Invoker.invokeConfigurations(Invoker.java:138)
	at org.testng.internal.TestMethodWorker.invokeBeforeClassMethods(TestMethodWorker.java:175)
	at org.testng.internal.TestMethodWorker.run(TestMethodWorker.java:107)
	at org.testng.TestRunner.privateRun(TestRunner.java:767)
	at org.testng.TestRunner.run(TestRunner.java:617)
	at org.testng.SuiteRunner.runTest(SuiteRunner.java:335)
	at org.testng.SuiteRunner.runSequentially(SuiteRunner.java:330)
	at org.testng.SuiteRunner.privateRun(SuiteRunner.java:291)
	at org.testng.SuiteRunner.run(SuiteRunner.java:240)
	at org.testng.SuiteRunnerWorker.runSuite(SuiteRunnerWorker.java:52)
	at org.testng.SuiteRunnerWorker.run(SuiteRunnerWorker.java:86)
	at org.testng.TestNG.runSuitesSequentially(TestNG.java:1224)
	at org.testng.TestNG.runSuitesLocally(TestNG.java:1149)
	at org.testng.TestNG.run(TestNG.java:1057)
	at org.testng.remote.RemoteTestNG.run(RemoteTestNG.java:111)
	at org.testng.remote.RemoteTestNG.initAndRun(RemoteTestNG.java:204)
	at org.testng.remote.RemoteTestNG.main(RemoteTestNG.java:175)
]]>
    </failure>
  </testcase> <!-- UserRegistration -->
  <testcase name="UserRegistration" time="0.000" classname="com.test.BusinessUserRegistration">
    <failure type="org.openqa.selenium.UnhandledAlertException" message="Modal dialog present: 
Build info: version: &#039;2.40.0&#039;, revision: &#039;fbe29a9&#039;, time: &#039;2014-02-19 20:54:28&#039;
System info: host: &#039;Asity&#039;, ip: &#039;10.0.1.44&#039;, os.name: &#039;Windows 7&#039;, os.arch: &#039;x86&#039;, os.version: &#039;6.1&#039;, java.version: &#039;1.7.0_25&#039;
Session ID: 72294a06-fff8-490a-8e50-e8b0c2eaf43c
Driver info: org.openqa.selenium.ie.InternetExplorerDriver
Capabilities [{platform=WINDOWS, javascriptEnabled=true, elementScrollBehavior=0, ignoreZoomSetting=false, enablePersistentHover=true, ie.ensureCleanSession=false, browserName=internet explorer, enableElementCacheCleanup=true, unexpectedAlertBehaviour=ignore, version=8, ie.usePerProcessProxy=false, cssSelectorsEnabled=true, ignoreProtectedModeSettings=true, requireWindowFocus=false, handlesAlerts=true, initialBrowserUrl=http://localhost:16519/, ie.forceCreateProcessApi=false, nativeEvents=true, browserAttachTimeout=0, ie.browserCommandLineSwitches=, takesScreenshot=true}]: 
Build info: version: &#039;2.38.0&#039;, revision: &#039;bd32d4e7247a32d801b3d2d4f84a4e7384300378&#039;, time: &#039;2013-12-05 09:01:37&#039;
System info: host: &#039;Twist-Resourcess-iMac.local&#039;, ip: &#039;10.0.1.7&#039;, os.name: &#039;Mac OS X&#039;, os.arch: &#039;x86_64&#039;, os.version: &#039;10.8&#039;, java.version: &#039;1.7.0_04&#039;
Session ID: 0833d435-da22-438e-a638-9d6d6b2b3f80
Driver info: org.openqa.selenium.remote.RemoteWebDriver
Capabilities [{platform=WINDOWS, javascriptEnabled=true, elementScrollBehavior=0, ignoreZoomSetting=false, enablePersistentHover=true, ie.ensureCleanSession=false, browserName=internet explorer, enableElementCacheCleanup=true, unexpectedAlertBehaviour=ignore, webdriver.remote.sessionid=0833d435-da22-438e-a638-9d6d6b2b3f80, version=8, ie.usePerProcessProxy=false, ignoreProtectedModeSettings=true, cssSelectorsEnabled=true, requireWindowFocus=false, handlesAlerts=true, initialBrowserUrl=http://localhost:16519/, ie.forceCreateProcessApi=false, nativeEvents=true, browserAttachTimeout=0, ie.browserCommandLineSwitches=, takesScreenshot=true}]">
      <![CDATA[org.openqa.selenium.UnhandledAlertException: Modal dialog present: 
Build info: version: '2.40.0', revision: 'fbe29a9', time: '2014-02-19 20:54:28'
System info: host: 'Asity', ip: '10.0.1.44', os.name: 'Windows 7', os.arch: 'x86', os.version: '6.1', java.version: '1.7.0_25'
Session ID: 72294a06-fff8-490a-8e50-e8b0c2eaf43c
Driver info: org.openqa.selenium.ie.InternetExplorerDriver
Capabilities [{platform=WINDOWS, javascriptEnabled=true, elementScrollBehavior=0, ignoreZoomSetting=false, enablePersistentHover=true, ie.ensureCleanSession=false, browserName=internet explorer, enableElementCacheCleanup=true, unexpectedAlertBehaviour=ignore, version=8, ie.usePerProcessProxy=false, cssSelectorsEnabled=true, ignoreProtectedModeSettings=true, requireWindowFocus=false, handlesAlerts=true, initialBrowserUrl=http://localhost:16519/, ie.forceCreateProcessApi=false, nativeEvents=true, browserAttachTimeout=0, ie.browserCommandLineSwitches=, takesScreenshot=true}]: 
Build info: version: '2.38.0', revision: 'bd32d4e7247a32d801b3d2d4f84a4e7384300378', time: '2013-12-05 09:01:37'
System info: host: 'Twist-Resourcess-iMac.local', ip: '10.0.1.7', os.name: 'Mac OS X', os.arch: 'x86_64', os.version: '10.8', java.version: '1.7.0_04'
Session ID: 0833d435-da22-438e-a638-9d6d6b2b3f80
Driver info: org.openqa.selenium.remote.RemoteWebDriver
Capabilities [{platform=WINDOWS, javascriptEnabled=true, elementScrollBehavior=0, ignoreZoomSetting=false, enablePersistentHover=true, ie.ensureCleanSession=false, browserName=internet explorer, enableElementCacheCleanup=true, unexpectedAlertBehaviour=ignore, webdriver.remote.sessionid=0833d435-da22-438e-a638-9d6d6b2b3f80, version=8, ie.usePerProcessProxy=false, ignoreProtectedModeSettings=true, cssSelectorsEnabled=true, requireWindowFocus=false, handlesAlerts=true, initialBrowserUrl=http://localhost:16519/, ie.forceCreateProcessApi=false, nativeEvents=true, browserAttachTimeout=0, ie.browserCommandLineSwitches=, takesScreenshot=true}]
	at sun.reflect.NativeConstructorAccessorImpl.newInstance0(Native Method)
	at sun.reflect.NativeConstructorAccessorImpl.newInstance(NativeConstructorAccessorImpl.java:57)
	at sun.reflect.DelegatingConstructorAccessorImpl.newInstance(DelegatingConstructorAccessorImpl.java:45)
	at java.lang.reflect.Constructor.newInstance(Constructor.java:525)
	at org.openqa.selenium.remote.ErrorHandler.createThrowable(ErrorHandler.java:193)
	at org.openqa.selenium.remote.ErrorHandler.createUnhandledAlertException(ErrorHandler.java:174)
	at org.openqa.selenium.remote.ErrorHandler.throwIfResponseFailed(ErrorHandler.java:141)
	at org.openqa.selenium.remote.RemoteWebDriver.execute(RemoteWebDriver.java:554)
	at org.openqa.selenium.remote.RemoteWebDriver$RemoteWebDriverOptions$RemoteWindow.maximize(RemoteWebDriver.java:783)
	at com.library.TestInitReference.Startup(TestInitReference.java:113)
	at sun.reflect.NativeMethodAccessorImpl.invoke0(Native Method)
	at sun.reflect.NativeMethodAccessorImpl.invoke(NativeMethodAccessorImpl.java:57)
	at sun.reflect.DelegatingMethodAccessorImpl.invoke(DelegatingMethodAccessorImpl.java:43)
	at java.lang.reflect.Method.invoke(Method.java:601)
	at org.testng.internal.MethodInvocationHelper.invokeMethod(MethodInvocationHelper.java:84)
	at org.testng.internal.Invoker.invokeConfigurationMethod(Invoker.java:564)
	at org.testng.internal.Invoker.invokeConfigurations(Invoker.java:213)
	at org.testng.internal.Invoker.invokeConfigurations(Invoker.java:138)
	at org.testng.internal.TestMethodWorker.invokeBeforeClassMethods(TestMethodWorker.java:175)
	at org.testng.internal.TestMethodWorker.run(TestMethodWorker.java:107)
	at org.testng.TestRunner.privateRun(TestRunner.java:767)
	at org.testng.TestRunner.run(TestRunner.java:617)
	at org.testng.SuiteRunner.runTest(SuiteRunner.java:335)
	at org.testng.SuiteRunner.runSequentially(SuiteRunner.java:330)
	at org.testng.SuiteRunner.privateRun(SuiteRunner.java:291)
	at org.testng.SuiteRunner.run(SuiteRunner.java:240)
	at org.testng.SuiteRunnerWorker.runSuite(SuiteRunnerWorker.java:52)
	at org.testng.SuiteRunnerWorker.run(SuiteRunnerWorker.java:86)
	at org.testng.TestNG.runSuitesSequentially(TestNG.java:1224)
	at org.testng.TestNG.runSuitesLocally(TestNG.java:1149)
	at org.testng.TestNG.run(TestNG.java:1057)
	at org.testng.remote.RemoteTestNG.run(RemoteTestNG.java:111)
	at org.testng.remote.RemoteTestNG.initAndRun(RemoteTestNG.java:204)
	at org.testng.remote.RemoteTestNG.main(RemoteTestNG.java:175)
]]>
    </failure>
  </testcase> <!-- UserRegistration -->
  <testcase name="UserRegistration" time="0.000" classname="com.test.BusinessUserRegistration">
    <failure type="org.openqa.selenium.UnhandledAlertException" message="Modal dialog present: 
Build info: version: &#039;2.40.0&#039;, revision: &#039;fbe29a9&#039;, time: &#039;2014-02-19 20:54:28&#039;
System info: host: &#039;Asity&#039;, ip: &#039;10.0.1.44&#039;, os.name: &#039;Windows 7&#039;, os.arch: &#039;x86&#039;, os.version: &#039;6.1&#039;, java.version: &#039;1.7.0_25&#039;
Session ID: 72294a06-fff8-490a-8e50-e8b0c2eaf43c
Driver info: org.openqa.selenium.ie.InternetExplorerDriver
Capabilities [{platform=WINDOWS, javascriptEnabled=true, elementScrollBehavior=0, ignoreZoomSetting=false, enablePersistentHover=true, ie.ensureCleanSession=false, browserName=internet explorer, enableElementCacheCleanup=true, unexpectedAlertBehaviour=ignore, version=8, ie.usePerProcessProxy=false, cssSelectorsEnabled=true, ignoreProtectedModeSettings=true, requireWindowFocus=false, handlesAlerts=true, initialBrowserUrl=http://localhost:16519/, ie.forceCreateProcessApi=false, nativeEvents=true, browserAttachTimeout=0, ie.browserCommandLineSwitches=, takesScreenshot=true}]: 
Build info: version: &#039;2.38.0&#039;, revision: &#039;bd32d4e7247a32d801b3d2d4f84a4e7384300378&#039;, time: &#039;2013-12-05 09:01:37&#039;
System info: host: &#039;Twist-Resourcess-iMac.local&#039;, ip: &#039;10.0.1.7&#039;, os.name: &#039;Mac OS X&#039;, os.arch: &#039;x86_64&#039;, os.version: &#039;10.8&#039;, java.version: &#039;1.7.0_04&#039;
Session ID: 0833d435-da22-438e-a638-9d6d6b2b3f80
Driver info: org.openqa.selenium.remote.RemoteWebDriver
Capabilities [{platform=WINDOWS, javascriptEnabled=true, elementScrollBehavior=0, ignoreZoomSetting=false, enablePersistentHover=true, ie.ensureCleanSession=false, browserName=internet explorer, enableElementCacheCleanup=true, unexpectedAlertBehaviour=ignore, webdriver.remote.sessionid=0833d435-da22-438e-a638-9d6d6b2b3f80, version=8, ie.usePerProcessProxy=false, ignoreProtectedModeSettings=true, cssSelectorsEnabled=true, requireWindowFocus=false, handlesAlerts=true, initialBrowserUrl=http://localhost:16519/, ie.forceCreateProcessApi=false, nativeEvents=true, browserAttachTimeout=0, ie.browserCommandLineSwitches=, takesScreenshot=true}]">
      <![CDATA[org.openqa.selenium.UnhandledAlertException: Modal dialog present: 
Build info: version: '2.40.0', revision: 'fbe29a9', time: '2014-02-19 20:54:28'
System info: host: 'Asity', ip: '10.0.1.44', os.name: 'Windows 7', os.arch: 'x86', os.version: '6.1', java.version: '1.7.0_25'
Session ID: 72294a06-fff8-490a-8e50-e8b0c2eaf43c
Driver info: org.openqa.selenium.ie.InternetExplorerDriver
Capabilities [{platform=WINDOWS, javascriptEnabled=true, elementScrollBehavior=0, ignoreZoomSetting=false, enablePersistentHover=true, ie.ensureCleanSession=false, browserName=internet explorer, enableElementCacheCleanup=true, unexpectedAlertBehaviour=ignore, version=8, ie.usePerProcessProxy=false, cssSelectorsEnabled=true, ignoreProtectedModeSettings=true, requireWindowFocus=false, handlesAlerts=true, initialBrowserUrl=http://localhost:16519/, ie.forceCreateProcessApi=false, nativeEvents=true, browserAttachTimeout=0, ie.browserCommandLineSwitches=, takesScreenshot=true}]: 
Build info: version: '2.38.0', revision: 'bd32d4e7247a32d801b3d2d4f84a4e7384300378', time: '2013-12-05 09:01:37'
System info: host: 'Twist-Resourcess-iMac.local', ip: '10.0.1.7', os.name: 'Mac OS X', os.arch: 'x86_64', os.version: '10.8', java.version: '1.7.0_04'
Session ID: 0833d435-da22-438e-a638-9d6d6b2b3f80
Driver info: org.openqa.selenium.remote.RemoteWebDriver
Capabilities [{platform=WINDOWS, javascriptEnabled=true, elementScrollBehavior=0, ignoreZoomSetting=false, enablePersistentHover=true, ie.ensureCleanSession=false, browserName=internet explorer, enableElementCacheCleanup=true, unexpectedAlertBehaviour=ignore, webdriver.remote.sessionid=0833d435-da22-438e-a638-9d6d6b2b3f80, version=8, ie.usePerProcessProxy=false, ignoreProtectedModeSettings=true, cssSelectorsEnabled=true, requireWindowFocus=false, handlesAlerts=true, initialBrowserUrl=http://localhost:16519/, ie.forceCreateProcessApi=false, nativeEvents=true, browserAttachTimeout=0, ie.browserCommandLineSwitches=, takesScreenshot=true}]
	at sun.reflect.NativeConstructorAccessorImpl.newInstance0(Native Method)
	at sun.reflect.NativeConstructorAccessorImpl.newInstance(NativeConstructorAccessorImpl.java:57)
	at sun.reflect.DelegatingConstructorAccessorImpl.newInstance(DelegatingConstructorAccessorImpl.java:45)
	at java.lang.reflect.Constructor.newInstance(Constructor.java:525)
	at org.openqa.selenium.remote.ErrorHandler.createThrowable(ErrorHandler.java:193)
	at org.openqa.selenium.remote.ErrorHandler.createUnhandledAlertException(ErrorHandler.java:174)
	at org.openqa.selenium.remote.ErrorHandler.throwIfResponseFailed(ErrorHandler.java:141)
	at org.openqa.selenium.remote.RemoteWebDriver.execute(RemoteWebDriver.java:554)
	at org.openqa.selenium.remote.RemoteWebDriver$RemoteWebDriverOptions$RemoteWindow.maximize(RemoteWebDriver.java:783)
	at com.library.TestInitReference.Startup(TestInitReference.java:113)
	at sun.reflect.NativeMethodAccessorImpl.invoke0(Native Method)
	at sun.reflect.NativeMethodAccessorImpl.invoke(NativeMethodAccessorImpl.java:57)
	at sun.reflect.DelegatingMethodAccessorImpl.invoke(DelegatingMethodAccessorImpl.java:43)
	at java.lang.reflect.Method.invoke(Method.java:601)
	at org.testng.internal.MethodInvocationHelper.invokeMethod(MethodInvocationHelper.java:84)
	at org.testng.internal.Invoker.invokeConfigurationMethod(Invoker.java:564)
	at org.testng.internal.Invoker.invokeConfigurations(Invoker.java:213)
	at org.testng.internal.Invoker.invokeConfigurations(Invoker.java:138)
	at org.testng.internal.TestMethodWorker.invokeBeforeClassMethods(TestMethodWorker.java:175)
	at org.testng.internal.TestMethodWorker.run(TestMethodWorker.java:107)
	at org.testng.TestRunner.privateRun(TestRunner.java:767)
	at org.testng.TestRunner.run(TestRunner.java:617)
	at org.testng.SuiteRunner.runTest(SuiteRunner.java:335)
	at org.testng.SuiteRunner.runSequentially(SuiteRunner.java:330)
	at org.testng.SuiteRunner.privateRun(SuiteRunner.java:291)
	at org.testng.SuiteRunner.run(SuiteRunner.java:240)
	at org.testng.SuiteRunnerWorker.runSuite(SuiteRunnerWorker.java:52)
	at org.testng.SuiteRunnerWorker.run(SuiteRunnerWorker.java:86)
	at org.testng.TestNG.runSuitesSequentially(TestNG.java:1224)
	at org.testng.TestNG.runSuitesLocally(TestNG.java:1149)
	at org.testng.TestNG.run(TestNG.java:1057)
	at org.testng.remote.RemoteTestNG.run(RemoteTestNG.java:111)
	at org.testng.remote.RemoteTestNG.initAndRun(RemoteTestNG.java:204)
	at org.testng.remote.RemoteTestNG.main(RemoteTestNG.java:175)
]]>
    </failure>
  </testcase> <!-- UserRegistration -->
  <testcase name="UserRegistration" time="0.002" classname="com.test.BusinessUserRegistration">
    <failure type="org.openqa.selenium.UnhandledAlertException" message="Modal dialog present: 
Build info: version: &#039;2.40.0&#039;, revision: &#039;fbe29a9&#039;, time: &#039;2014-02-19 20:54:28&#039;
System info: host: &#039;Asity&#039;, ip: &#039;10.0.1.44&#039;, os.name: &#039;Windows 7&#039;, os.arch: &#039;x86&#039;, os.version: &#039;6.1&#039;, java.version: &#039;1.7.0_25&#039;
Session ID: 72294a06-fff8-490a-8e50-e8b0c2eaf43c
Driver info: org.openqa.selenium.ie.InternetExplorerDriver
Capabilities [{platform=WINDOWS, javascriptEnabled=true, elementScrollBehavior=0, ignoreZoomSetting=false, enablePersistentHover=true, ie.ensureCleanSession=false, browserName=internet explorer, enableElementCacheCleanup=true, unexpectedAlertBehaviour=ignore, version=8, ie.usePerProcessProxy=false, cssSelectorsEnabled=true, ignoreProtectedModeSettings=true, requireWindowFocus=false, handlesAlerts=true, initialBrowserUrl=http://localhost:16519/, ie.forceCreateProcessApi=false, nativeEvents=true, browserAttachTimeout=0, ie.browserCommandLineSwitches=, takesScreenshot=true}]: 
Build info: version: &#039;2.38.0&#039;, revision: &#039;bd32d4e7247a32d801b3d2d4f84a4e7384300378&#039;, time: &#039;2013-12-05 09:01:37&#039;
System info: host: &#039;Twist-Resourcess-iMac.local&#039;, ip: &#039;10.0.1.7&#039;, os.name: &#039;Mac OS X&#039;, os.arch: &#039;x86_64&#039;, os.version: &#039;10.8&#039;, java.version: &#039;1.7.0_04&#039;
Session ID: 0833d435-da22-438e-a638-9d6d6b2b3f80
Driver info: org.openqa.selenium.remote.RemoteWebDriver
Capabilities [{platform=WINDOWS, javascriptEnabled=true, elementScrollBehavior=0, ignoreZoomSetting=false, enablePersistentHover=true, ie.ensureCleanSession=false, browserName=internet explorer, enableElementCacheCleanup=true, unexpectedAlertBehaviour=ignore, webdriver.remote.sessionid=0833d435-da22-438e-a638-9d6d6b2b3f80, version=8, ie.usePerProcessProxy=false, ignoreProtectedModeSettings=true, cssSelectorsEnabled=true, requireWindowFocus=false, handlesAlerts=true, initialBrowserUrl=http://localhost:16519/, ie.forceCreateProcessApi=false, nativeEvents=true, browserAttachTimeout=0, ie.browserCommandLineSwitches=, takesScreenshot=true}]">
      <![CDATA[org.openqa.selenium.UnhandledAlertException: Modal dialog present: 
Build info: version: '2.40.0', revision: 'fbe29a9', time: '2014-02-19 20:54:28'
System info: host: 'Asity', ip: '10.0.1.44', os.name: 'Windows 7', os.arch: 'x86', os.version: '6.1', java.version: '1.7.0_25'
Session ID: 72294a06-fff8-490a-8e50-e8b0c2eaf43c
Driver info: org.openqa.selenium.ie.InternetExplorerDriver
Capabilities [{platform=WINDOWS, javascriptEnabled=true, elementScrollBehavior=0, ignoreZoomSetting=false, enablePersistentHover=true, ie.ensureCleanSession=false, browserName=internet explorer, enableElementCacheCleanup=true, unexpectedAlertBehaviour=ignore, version=8, ie.usePerProcessProxy=false, cssSelectorsEnabled=true, ignoreProtectedModeSettings=true, requireWindowFocus=false, handlesAlerts=true, initialBrowserUrl=http://localhost:16519/, ie.forceCreateProcessApi=false, nativeEvents=true, browserAttachTimeout=0, ie.browserCommandLineSwitches=, takesScreenshot=true}]: 
Build info: version: '2.38.0', revision: 'bd32d4e7247a32d801b3d2d4f84a4e7384300378', time: '2013-12-05 09:01:37'
System info: host: 'Twist-Resourcess-iMac.local', ip: '10.0.1.7', os.name: 'Mac OS X', os.arch: 'x86_64', os.version: '10.8', java.version: '1.7.0_04'
Session ID: 0833d435-da22-438e-a638-9d6d6b2b3f80
Driver info: org.openqa.selenium.remote.RemoteWebDriver
Capabilities [{platform=WINDOWS, javascriptEnabled=true, elementScrollBehavior=0, ignoreZoomSetting=false, enablePersistentHover=true, ie.ensureCleanSession=false, browserName=internet explorer, enableElementCacheCleanup=true, unexpectedAlertBehaviour=ignore, webdriver.remote.sessionid=0833d435-da22-438e-a638-9d6d6b2b3f80, version=8, ie.usePerProcessProxy=false, ignoreProtectedModeSettings=true, cssSelectorsEnabled=true, requireWindowFocus=false, handlesAlerts=true, initialBrowserUrl=http://localhost:16519/, ie.forceCreateProcessApi=false, nativeEvents=true, browserAttachTimeout=0, ie.browserCommandLineSwitches=, takesScreenshot=true}]
	at sun.reflect.NativeConstructorAccessorImpl.newInstance0(Native Method)
	at sun.reflect.NativeConstructorAccessorImpl.newInstance(NativeConstructorAccessorImpl.java:57)
	at sun.reflect.DelegatingConstructorAccessorImpl.newInstance(DelegatingConstructorAccessorImpl.java:45)
	at java.lang.reflect.Constructor.newInstance(Constructor.java:525)
	at org.openqa.selenium.remote.ErrorHandler.createThrowable(ErrorHandler.java:193)
	at org.openqa.selenium.remote.ErrorHandler.createUnhandledAlertException(ErrorHandler.java:174)
	at org.openqa.selenium.remote.ErrorHandler.throwIfResponseFailed(ErrorHandler.java:141)
	at org.openqa.selenium.remote.RemoteWebDriver.execute(RemoteWebDriver.java:554)
	at org.openqa.selenium.remote.RemoteWebDriver$RemoteWebDriverOptions$RemoteWindow.maximize(RemoteWebDriver.java:783)
	at com.library.TestInitReference.Startup(TestInitReference.java:113)
	at sun.reflect.NativeMethodAccessorImpl.invoke0(Native Method)
	at sun.reflect.NativeMethodAccessorImpl.invoke(NativeMethodAccessorImpl.java:57)
	at sun.reflect.DelegatingMethodAccessorImpl.invoke(DelegatingMethodAccessorImpl.java:43)
	at java.lang.reflect.Method.invoke(Method.java:601)
	at org.testng.internal.MethodInvocationHelper.invokeMethod(MethodInvocationHelper.java:84)
	at org.testng.internal.Invoker.invokeConfigurationMethod(Invoker.java:564)
	at org.testng.internal.Invoker.invokeConfigurations(Invoker.java:213)
	at org.testng.internal.Invoker.invokeConfigurations(Invoker.java:138)
	at org.testng.internal.TestMethodWorker.invokeBeforeClassMethods(TestMethodWorker.java:175)
	at org.testng.internal.TestMethodWorker.run(TestMethodWorker.java:107)
	at org.testng.TestRunner.privateRun(TestRunner.java:767)
	at org.testng.TestRunner.run(TestRunner.java:617)
	at org.testng.SuiteRunner.runTest(SuiteRunner.java:335)
	at org.testng.SuiteRunner.runSequentially(SuiteRunner.java:330)
	at org.testng.SuiteRunner.privateRun(SuiteRunner.java:291)
	at org.testng.SuiteRunner.run(SuiteRunner.java:240)
	at org.testng.SuiteRunnerWorker.runSuite(SuiteRunnerWorker.java:52)
	at org.testng.SuiteRunnerWorker.run(SuiteRunnerWorker.java:86)
	at org.testng.TestNG.runSuitesSequentially(TestNG.java:1224)
	at org.testng.TestNG.runSuitesLocally(TestNG.java:1149)
	at org.testng.TestNG.run(TestNG.java:1057)
	at org.testng.remote.RemoteTestNG.run(RemoteTestNG.java:111)
	at org.testng.remote.RemoteTestNG.initAndRun(RemoteTestNG.java:204)
	at org.testng.remote.RemoteTestNG.main(RemoteTestNG.java:175)
]]>
    </failure>
  </testcase> <!-- UserRegistration -->
  <testcase name="UserRegistration" time="0.001" classname="com.test.BusinessUserRegistration">
    <failure type="org.openqa.selenium.UnhandledAlertException" message="Modal dialog present: 
Build info: version: &#039;2.40.0&#039;, revision: &#039;fbe29a9&#039;, time: &#039;2014-02-19 20:54:28&#039;
System info: host: &#039;Asity&#039;, ip: &#039;10.0.1.44&#039;, os.name: &#039;Windows 7&#039;, os.arch: &#039;x86&#039;, os.version: &#039;6.1&#039;, java.version: &#039;1.7.0_25&#039;
Session ID: 72294a06-fff8-490a-8e50-e8b0c2eaf43c
Driver info: org.openqa.selenium.ie.InternetExplorerDriver
Capabilities [{platform=WINDOWS, javascriptEnabled=true, elementScrollBehavior=0, ignoreZoomSetting=false, enablePersistentHover=true, ie.ensureCleanSession=false, browserName=internet explorer, enableElementCacheCleanup=true, unexpectedAlertBehaviour=ignore, version=8, ie.usePerProcessProxy=false, cssSelectorsEnabled=true, ignoreProtectedModeSettings=true, requireWindowFocus=false, handlesAlerts=true, initialBrowserUrl=http://localhost:16519/, ie.forceCreateProcessApi=false, nativeEvents=true, browserAttachTimeout=0, ie.browserCommandLineSwitches=, takesScreenshot=true}]: 
Build info: version: &#039;2.38.0&#039;, revision: &#039;bd32d4e7247a32d801b3d2d4f84a4e7384300378&#039;, time: &#039;2013-12-05 09:01:37&#039;
System info: host: &#039;Twist-Resourcess-iMac.local&#039;, ip: &#039;10.0.1.7&#039;, os.name: &#039;Mac OS X&#039;, os.arch: &#039;x86_64&#039;, os.version: &#039;10.8&#039;, java.version: &#039;1.7.0_04&#039;
Session ID: 0833d435-da22-438e-a638-9d6d6b2b3f80
Driver info: org.openqa.selenium.remote.RemoteWebDriver
Capabilities [{platform=WINDOWS, javascriptEnabled=true, elementScrollBehavior=0, ignoreZoomSetting=false, enablePersistentHover=true, ie.ensureCleanSession=false, browserName=internet explorer, enableElementCacheCleanup=true, unexpectedAlertBehaviour=ignore, webdriver.remote.sessionid=0833d435-da22-438e-a638-9d6d6b2b3f80, version=8, ie.usePerProcessProxy=false, ignoreProtectedModeSettings=true, cssSelectorsEnabled=true, requireWindowFocus=false, handlesAlerts=true, initialBrowserUrl=http://localhost:16519/, ie.forceCreateProcessApi=false, nativeEvents=true, browserAttachTimeout=0, ie.browserCommandLineSwitches=, takesScreenshot=true}]">
      <![CDATA[org.openqa.selenium.UnhandledAlertException: Modal dialog present: 
Build info: version: '2.40.0', revision: 'fbe29a9', time: '2014-02-19 20:54:28'
System info: host: 'Asity', ip: '10.0.1.44', os.name: 'Windows 7', os.arch: 'x86', os.version: '6.1', java.version: '1.7.0_25'
Session ID: 72294a06-fff8-490a-8e50-e8b0c2eaf43c
Driver info: org.openqa.selenium.ie.InternetExplorerDriver
Capabilities [{platform=WINDOWS, javascriptEnabled=true, elementScrollBehavior=0, ignoreZoomSetting=false, enablePersistentHover=true, ie.ensureCleanSession=false, browserName=internet explorer, enableElementCacheCleanup=true, unexpectedAlertBehaviour=ignore, version=8, ie.usePerProcessProxy=false, cssSelectorsEnabled=true, ignoreProtectedModeSettings=true, requireWindowFocus=false, handlesAlerts=true, initialBrowserUrl=http://localhost:16519/, ie.forceCreateProcessApi=false, nativeEvents=true, browserAttachTimeout=0, ie.browserCommandLineSwitches=, takesScreenshot=true}]: 
Build info: version: '2.38.0', revision: 'bd32d4e7247a32d801b3d2d4f84a4e7384300378', time: '2013-12-05 09:01:37'
System info: host: 'Twist-Resourcess-iMac.local', ip: '10.0.1.7', os.name: 'Mac OS X', os.arch: 'x86_64', os.version: '10.8', java.version: '1.7.0_04'
Session ID: 0833d435-da22-438e-a638-9d6d6b2b3f80
Driver info: org.openqa.selenium.remote.RemoteWebDriver
Capabilities [{platform=WINDOWS, javascriptEnabled=true, elementScrollBehavior=0, ignoreZoomSetting=false, enablePersistentHover=true, ie.ensureCleanSession=false, browserName=internet explorer, enableElementCacheCleanup=true, unexpectedAlertBehaviour=ignore, webdriver.remote.sessionid=0833d435-da22-438e-a638-9d6d6b2b3f80, version=8, ie.usePerProcessProxy=false, ignoreProtectedModeSettings=true, cssSelectorsEnabled=true, requireWindowFocus=false, handlesAlerts=true, initialBrowserUrl=http://localhost:16519/, ie.forceCreateProcessApi=false, nativeEvents=true, browserAttachTimeout=0, ie.browserCommandLineSwitches=, takesScreenshot=true}]
	at sun.reflect.NativeConstructorAccessorImpl.newInstance0(Native Method)
	at sun.reflect.NativeConstructorAccessorImpl.newInstance(NativeConstructorAccessorImpl.java:57)
	at sun.reflect.DelegatingConstructorAccessorImpl.newInstance(DelegatingConstructorAccessorImpl.java:45)
	at java.lang.reflect.Constructor.newInstance(Constructor.java:525)
	at org.openqa.selenium.remote.ErrorHandler.createThrowable(ErrorHandler.java:193)
	at org.openqa.selenium.remote.ErrorHandler.createUnhandledAlertException(ErrorHandler.java:174)
	at org.openqa.selenium.remote.ErrorHandler.throwIfResponseFailed(ErrorHandler.java:141)
	at org.openqa.selenium.remote.RemoteWebDriver.execute(RemoteWebDriver.java:554)
	at org.openqa.selenium.remote.RemoteWebDriver$RemoteWebDriverOptions$RemoteWindow.maximize(RemoteWebDriver.java:783)
	at com.library.TestInitReference.Startup(TestInitReference.java:113)
	at sun.reflect.NativeMethodAccessorImpl.invoke0(Native Method)
	at sun.reflect.NativeMethodAccessorImpl.invoke(NativeMethodAccessorImpl.java:57)
	at sun.reflect.DelegatingMethodAccessorImpl.invoke(DelegatingMethodAccessorImpl.java:43)
	at java.lang.reflect.Method.invoke(Method.java:601)
	at org.testng.internal.MethodInvocationHelper.invokeMethod(MethodInvocationHelper.java:84)
	at org.testng.internal.Invoker.invokeConfigurationMethod(Invoker.java:564)
	at org.testng.internal.Invoker.invokeConfigurations(Invoker.java:213)
	at org.testng.internal.Invoker.invokeConfigurations(Invoker.java:138)
	at org.testng.internal.TestMethodWorker.invokeBeforeClassMethods(TestMethodWorker.java:175)
	at org.testng.internal.TestMethodWorker.run(TestMethodWorker.java:107)
	at org.testng.TestRunner.privateRun(TestRunner.java:767)
	at org.testng.TestRunner.run(TestRunner.java:617)
	at org.testng.SuiteRunner.runTest(SuiteRunner.java:335)
	at org.testng.SuiteRunner.runSequentially(SuiteRunner.java:330)
	at org.testng.SuiteRunner.privateRun(SuiteRunner.java:291)
	at org.testng.SuiteRunner.run(SuiteRunner.java:240)
	at org.testng.SuiteRunnerWorker.runSuite(SuiteRunnerWorker.java:52)
	at org.testng.SuiteRunnerWorker.run(SuiteRunnerWorker.java:86)
	at org.testng.TestNG.runSuitesSequentially(TestNG.java:1224)
	at org.testng.TestNG.runSuitesLocally(TestNG.java:1149)
	at org.testng.TestNG.run(TestNG.java:1057)
	at org.testng.remote.RemoteTestNG.run(RemoteTestNG.java:111)
	at org.testng.remote.RemoteTestNG.initAndRun(RemoteTestNG.java:204)
	at org.testng.remote.RemoteTestNG.main(RemoteTestNG.java:175)
]]>
    </failure>
  </testcase> <!-- UserRegistration -->
  <testcase name="UserRegistration" time="0.001" classname="com.test.BusinessUserRegistration">
    <failure type="org.openqa.selenium.UnhandledAlertException" message="Modal dialog present: 
Build info: version: &#039;2.40.0&#039;, revision: &#039;fbe29a9&#039;, time: &#039;2014-02-19 20:54:28&#039;
System info: host: &#039;Asity&#039;, ip: &#039;10.0.1.44&#039;, os.name: &#039;Windows 7&#039;, os.arch: &#039;x86&#039;, os.version: &#039;6.1&#039;, java.version: &#039;1.7.0_25&#039;
Session ID: 72294a06-fff8-490a-8e50-e8b0c2eaf43c
Driver info: org.openqa.selenium.ie.InternetExplorerDriver
Capabilities [{platform=WINDOWS, javascriptEnabled=true, elementScrollBehavior=0, ignoreZoomSetting=false, enablePersistentHover=true, ie.ensureCleanSession=false, browserName=internet explorer, enableElementCacheCleanup=true, unexpectedAlertBehaviour=ignore, version=8, ie.usePerProcessProxy=false, cssSelectorsEnabled=true, ignoreProtectedModeSettings=true, requireWindowFocus=false, handlesAlerts=true, initialBrowserUrl=http://localhost:16519/, ie.forceCreateProcessApi=false, nativeEvents=true, browserAttachTimeout=0, ie.browserCommandLineSwitches=, takesScreenshot=true}]: 
Build info: version: &#039;2.38.0&#039;, revision: &#039;bd32d4e7247a32d801b3d2d4f84a4e7384300378&#039;, time: &#039;2013-12-05 09:01:37&#039;
System info: host: &#039;Twist-Resourcess-iMac.local&#039;, ip: &#039;10.0.1.7&#039;, os.name: &#039;Mac OS X&#039;, os.arch: &#039;x86_64&#039;, os.version: &#039;10.8&#039;, java.version: &#039;1.7.0_04&#039;
Session ID: 0833d435-da22-438e-a638-9d6d6b2b3f80
Driver info: org.openqa.selenium.remote.RemoteWebDriver
Capabilities [{platform=WINDOWS, javascriptEnabled=true, elementScrollBehavior=0, ignoreZoomSetting=false, enablePersistentHover=true, ie.ensureCleanSession=false, browserName=internet explorer, enableElementCacheCleanup=true, unexpectedAlertBehaviour=ignore, webdriver.remote.sessionid=0833d435-da22-438e-a638-9d6d6b2b3f80, version=8, ie.usePerProcessProxy=false, ignoreProtectedModeSettings=true, cssSelectorsEnabled=true, requireWindowFocus=false, handlesAlerts=true, initialBrowserUrl=http://localhost:16519/, ie.forceCreateProcessApi=false, nativeEvents=true, browserAttachTimeout=0, ie.browserCommandLineSwitches=, takesScreenshot=true}]">
      <![CDATA[org.openqa.selenium.UnhandledAlertException: Modal dialog present: 
Build info: version: '2.40.0', revision: 'fbe29a9', time: '2014-02-19 20:54:28'
System info: host: 'Asity', ip: '10.0.1.44', os.name: 'Windows 7', os.arch: 'x86', os.version: '6.1', java.version: '1.7.0_25'
Session ID: 72294a06-fff8-490a-8e50-e8b0c2eaf43c
Driver info: org.openqa.selenium.ie.InternetExplorerDriver
Capabilities [{platform=WINDOWS, javascriptEnabled=true, elementScrollBehavior=0, ignoreZoomSetting=false, enablePersistentHover=true, ie.ensureCleanSession=false, browserName=internet explorer, enableElementCacheCleanup=true, unexpectedAlertBehaviour=ignore, version=8, ie.usePerProcessProxy=false, cssSelectorsEnabled=true, ignoreProtectedModeSettings=true, requireWindowFocus=false, handlesAlerts=true, initialBrowserUrl=http://localhost:16519/, ie.forceCreateProcessApi=false, nativeEvents=true, browserAttachTimeout=0, ie.browserCommandLineSwitches=, takesScreenshot=true}]: 
Build info: version: '2.38.0', revision: 'bd32d4e7247a32d801b3d2d4f84a4e7384300378', time: '2013-12-05 09:01:37'
System info: host: 'Twist-Resourcess-iMac.local', ip: '10.0.1.7', os.name: 'Mac OS X', os.arch: 'x86_64', os.version: '10.8', java.version: '1.7.0_04'
Session ID: 0833d435-da22-438e-a638-9d6d6b2b3f80
Driver info: org.openqa.selenium.remote.RemoteWebDriver
Capabilities [{platform=WINDOWS, javascriptEnabled=true, elementScrollBehavior=0, ignoreZoomSetting=false, enablePersistentHover=true, ie.ensureCleanSession=false, browserName=internet explorer, enableElementCacheCleanup=true, unexpectedAlertBehaviour=ignore, webdriver.remote.sessionid=0833d435-da22-438e-a638-9d6d6b2b3f80, version=8, ie.usePerProcessProxy=false, ignoreProtectedModeSettings=true, cssSelectorsEnabled=true, requireWindowFocus=false, handlesAlerts=true, initialBrowserUrl=http://localhost:16519/, ie.forceCreateProcessApi=false, nativeEvents=true, browserAttachTimeout=0, ie.browserCommandLineSwitches=, takesScreenshot=true}]
	at sun.reflect.NativeConstructorAccessorImpl.newInstance0(Native Method)
	at sun.reflect.NativeConstructorAccessorImpl.newInstance(NativeConstructorAccessorImpl.java:57)
	at sun.reflect.DelegatingConstructorAccessorImpl.newInstance(DelegatingConstructorAccessorImpl.java:45)
	at java.lang.reflect.Constructor.newInstance(Constructor.java:525)
	at org.openqa.selenium.remote.ErrorHandler.createThrowable(ErrorHandler.java:193)
	at org.openqa.selenium.remote.ErrorHandler.createUnhandledAlertException(ErrorHandler.java:174)
	at org.openqa.selenium.remote.ErrorHandler.throwIfResponseFailed(ErrorHandler.java:141)
	at org.openqa.selenium.remote.RemoteWebDriver.execute(RemoteWebDriver.java:554)
	at org.openqa.selenium.remote.RemoteWebDriver$RemoteWebDriverOptions$RemoteWindow.maximize(RemoteWebDriver.java:783)
	at com.library.TestInitReference.Startup(TestInitReference.java:113)
	at sun.reflect.NativeMethodAccessorImpl.invoke0(Native Method)
	at sun.reflect.NativeMethodAccessorImpl.invoke(NativeMethodAccessorImpl.java:57)
	at sun.reflect.DelegatingMethodAccessorImpl.invoke(DelegatingMethodAccessorImpl.java:43)
	at java.lang.reflect.Method.invoke(Method.java:601)
	at org.testng.internal.MethodInvocationHelper.invokeMethod(MethodInvocationHelper.java:84)
	at org.testng.internal.Invoker.invokeConfigurationMethod(Invoker.java:564)
	at org.testng.internal.Invoker.invokeConfigurations(Invoker.java:213)
	at org.testng.internal.Invoker.invokeConfigurations(Invoker.java:138)
	at org.testng.internal.TestMethodWorker.invokeBeforeClassMethods(TestMethodWorker.java:175)
	at org.testng.internal.TestMethodWorker.run(TestMethodWorker.java:107)
	at org.testng.TestRunner.privateRun(TestRunner.java:767)
	at org.testng.TestRunner.run(TestRunner.java:617)
	at org.testng.SuiteRunner.runTest(SuiteRunner.java:335)
	at org.testng.SuiteRunner.runSequentially(SuiteRunner.java:330)
	at org.testng.SuiteRunner.privateRun(SuiteRunner.java:291)
	at org.testng.SuiteRunner.run(SuiteRunner.java:240)
	at org.testng.SuiteRunnerWorker.runSuite(SuiteRunnerWorker.java:52)
	at org.testng.SuiteRunnerWorker.run(SuiteRunnerWorker.java:86)
	at org.testng.TestNG.runSuitesSequentially(TestNG.java:1224)
	at org.testng.TestNG.runSuitesLocally(TestNG.java:1149)
	at org.testng.TestNG.run(TestNG.java:1057)
	at org.testng.remote.RemoteTestNG.run(RemoteTestNG.java:111)
	at org.testng.remote.RemoteTestNG.initAndRun(RemoteTestNG.java:204)
	at org.testng.remote.RemoteTestNG.main(RemoteTestNG.java:175)
]]>
    </failure>
  </testcase> <!-- UserRegistration -->
  <testcase name="UserRegistration" time="0.012" classname="com.test.BusinessUserRegistration">
    <failure type="org.openqa.selenium.UnhandledAlertException" message="Modal dialog present: 
Build info: version: &#039;2.40.0&#039;, revision: &#039;fbe29a9&#039;, time: &#039;2014-02-19 20:54:28&#039;
System info: host: &#039;Asity&#039;, ip: &#039;10.0.1.44&#039;, os.name: &#039;Windows 7&#039;, os.arch: &#039;x86&#039;, os.version: &#039;6.1&#039;, java.version: &#039;1.7.0_25&#039;
Session ID: 72294a06-fff8-490a-8e50-e8b0c2eaf43c
Driver info: org.openqa.selenium.ie.InternetExplorerDriver
Capabilities [{platform=WINDOWS, javascriptEnabled=true, elementScrollBehavior=0, ignoreZoomSetting=false, enablePersistentHover=true, ie.ensureCleanSession=false, browserName=internet explorer, enableElementCacheCleanup=true, unexpectedAlertBehaviour=ignore, version=8, ie.usePerProcessProxy=false, cssSelectorsEnabled=true, ignoreProtectedModeSettings=true, requireWindowFocus=false, handlesAlerts=true, initialBrowserUrl=http://localhost:16519/, ie.forceCreateProcessApi=false, nativeEvents=true, browserAttachTimeout=0, ie.browserCommandLineSwitches=, takesScreenshot=true}]: 
Build info: version: &#039;2.38.0&#039;, revision: &#039;bd32d4e7247a32d801b3d2d4f84a4e7384300378&#039;, time: &#039;2013-12-05 09:01:37&#039;
System info: host: &#039;Twist-Resourcess-iMac.local&#039;, ip: &#039;10.0.1.7&#039;, os.name: &#039;Mac OS X&#039;, os.arch: &#039;x86_64&#039;, os.version: &#039;10.8&#039;, java.version: &#039;1.7.0_04&#039;
Session ID: 0833d435-da22-438e-a638-9d6d6b2b3f80
Driver info: org.openqa.selenium.remote.RemoteWebDriver
Capabilities [{platform=WINDOWS, javascriptEnabled=true, elementScrollBehavior=0, ignoreZoomSetting=false, enablePersistentHover=true, ie.ensureCleanSession=false, browserName=internet explorer, enableElementCacheCleanup=true, unexpectedAlertBehaviour=ignore, webdriver.remote.sessionid=0833d435-da22-438e-a638-9d6d6b2b3f80, version=8, ie.usePerProcessProxy=false, ignoreProtectedModeSettings=true, cssSelectorsEnabled=true, requireWindowFocus=false, handlesAlerts=true, initialBrowserUrl=http://localhost:16519/, ie.forceCreateProcessApi=false, nativeEvents=true, browserAttachTimeout=0, ie.browserCommandLineSwitches=, takesScreenshot=true}]">
      <![CDATA[org.openqa.selenium.UnhandledAlertException: Modal dialog present: 
Build info: version: '2.40.0', revision: 'fbe29a9', time: '2014-02-19 20:54:28'
System info: host: 'Asity', ip: '10.0.1.44', os.name: 'Windows 7', os.arch: 'x86', os.version: '6.1', java.version: '1.7.0_25'
Session ID: 72294a06-fff8-490a-8e50-e8b0c2eaf43c
Driver info: org.openqa.selenium.ie.InternetExplorerDriver
Capabilities [{platform=WINDOWS, javascriptEnabled=true, elementScrollBehavior=0, ignoreZoomSetting=false, enablePersistentHover=true, ie.ensureCleanSession=false, browserName=internet explorer, enableElementCacheCleanup=true, unexpectedAlertBehaviour=ignore, version=8, ie.usePerProcessProxy=false, cssSelectorsEnabled=true, ignoreProtectedModeSettings=true, requireWindowFocus=false, handlesAlerts=true, initialBrowserUrl=http://localhost:16519/, ie.forceCreateProcessApi=false, nativeEvents=true, browserAttachTimeout=0, ie.browserCommandLineSwitches=, takesScreenshot=true}]: 
Build info: version: '2.38.0', revision: 'bd32d4e7247a32d801b3d2d4f84a4e7384300378', time: '2013-12-05 09:01:37'
System info: host: 'Twist-Resourcess-iMac.local', ip: '10.0.1.7', os.name: 'Mac OS X', os.arch: 'x86_64', os.version: '10.8', java.version: '1.7.0_04'
Session ID: 0833d435-da22-438e-a638-9d6d6b2b3f80
Driver info: org.openqa.selenium.remote.RemoteWebDriver
Capabilities [{platform=WINDOWS, javascriptEnabled=true, elementScrollBehavior=0, ignoreZoomSetting=false, enablePersistentHover=true, ie.ensureCleanSession=false, browserName=internet explorer, enableElementCacheCleanup=true, unexpectedAlertBehaviour=ignore, webdriver.remote.sessionid=0833d435-da22-438e-a638-9d6d6b2b3f80, version=8, ie.usePerProcessProxy=false, ignoreProtectedModeSettings=true, cssSelectorsEnabled=true, requireWindowFocus=false, handlesAlerts=true, initialBrowserUrl=http://localhost:16519/, ie.forceCreateProcessApi=false, nativeEvents=true, browserAttachTimeout=0, ie.browserCommandLineSwitches=, takesScreenshot=true}]
	at sun.reflect.NativeConstructorAccessorImpl.newInstance0(Native Method)
	at sun.reflect.NativeConstructorAccessorImpl.newInstance(NativeConstructorAccessorImpl.java:57)
	at sun.reflect.DelegatingConstructorAccessorImpl.newInstance(DelegatingConstructorAccessorImpl.java:45)
	at java.lang.reflect.Constructor.newInstance(Constructor.java:525)
	at org.openqa.selenium.remote.ErrorHandler.createThrowable(ErrorHandler.java:193)
	at org.openqa.selenium.remote.ErrorHandler.createUnhandledAlertException(ErrorHandler.java:174)
	at org.openqa.selenium.remote.ErrorHandler.throwIfResponseFailed(ErrorHandler.java:141)
	at org.openqa.selenium.remote.RemoteWebDriver.execute(RemoteWebDriver.java:554)
	at org.openqa.selenium.remote.RemoteWebDriver$RemoteWebDriverOptions$RemoteWindow.maximize(RemoteWebDriver.java:783)
	at com.library.TestInitReference.Startup(TestInitReference.java:113)
	at sun.reflect.NativeMethodAccessorImpl.invoke0(Native Method)
	at sun.reflect.NativeMethodAccessorImpl.invoke(NativeMethodAccessorImpl.java:57)
	at sun.reflect.DelegatingMethodAccessorImpl.invoke(DelegatingMethodAccessorImpl.java:43)
	at java.lang.reflect.Method.invoke(Method.java:601)
	at org.testng.internal.MethodInvocationHelper.invokeMethod(MethodInvocationHelper.java:84)
	at org.testng.internal.Invoker.invokeConfigurationMethod(Invoker.java:564)
	at org.testng.internal.Invoker.invokeConfigurations(Invoker.java:213)
	at org.testng.internal.Invoker.invokeConfigurations(Invoker.java:138)
	at org.testng.internal.TestMethodWorker.invokeBeforeClassMethods(TestMethodWorker.java:175)
	at org.testng.internal.TestMethodWorker.run(TestMethodWorker.java:107)
	at org.testng.TestRunner.privateRun(TestRunner.java:767)
	at org.testng.TestRunner.run(TestRunner.java:617)
	at org.testng.SuiteRunner.runTest(SuiteRunner.java:335)
	at org.testng.SuiteRunner.runSequentially(SuiteRunner.java:330)
	at org.testng.SuiteRunner.privateRun(SuiteRunner.java:291)
	at org.testng.SuiteRunner.run(SuiteRunner.java:240)
	at org.testng.SuiteRunnerWorker.runSuite(SuiteRunnerWorker.java:52)
	at org.testng.SuiteRunnerWorker.run(SuiteRunnerWorker.java:86)
	at org.testng.TestNG.runSuitesSequentially(TestNG.java:1224)
	at org.testng.TestNG.runSuitesLocally(TestNG.java:1149)
	at org.testng.TestNG.run(TestNG.java:1057)
	at org.testng.remote.RemoteTestNG.run(RemoteTestNG.java:111)
	at org.testng.remote.RemoteTestNG.initAndRun(RemoteTestNG.java:204)
	at org.testng.remote.RemoteTestNG.main(RemoteTestNG.java:175)
]]>
    </failure>
  </testcase> <!-- UserRegistration -->
  <testcase name="UserRegistration" time="0.005" classname="com.test.BusinessUserRegistration">
    <failure type="org.openqa.selenium.UnhandledAlertException" message="Modal dialog present: 
Build info: version: &#039;2.40.0&#039;, revision: &#039;fbe29a9&#039;, time: &#039;2014-02-19 20:54:28&#039;
System info: host: &#039;Asity&#039;, ip: &#039;10.0.1.44&#039;, os.name: &#039;Windows 7&#039;, os.arch: &#039;x86&#039;, os.version: &#039;6.1&#039;, java.version: &#039;1.7.0_25&#039;
Session ID: 72294a06-fff8-490a-8e50-e8b0c2eaf43c
Driver info: org.openqa.selenium.ie.InternetExplorerDriver
Capabilities [{platform=WINDOWS, javascriptEnabled=true, elementScrollBehavior=0, ignoreZoomSetting=false, enablePersistentHover=true, ie.ensureCleanSession=false, browserName=internet explorer, enableElementCacheCleanup=true, unexpectedAlertBehaviour=ignore, version=8, ie.usePerProcessProxy=false, cssSelectorsEnabled=true, ignoreProtectedModeSettings=true, requireWindowFocus=false, handlesAlerts=true, initialBrowserUrl=http://localhost:16519/, ie.forceCreateProcessApi=false, nativeEvents=true, browserAttachTimeout=0, ie.browserCommandLineSwitches=, takesScreenshot=true}]: 
Build info: version: &#039;2.38.0&#039;, revision: &#039;bd32d4e7247a32d801b3d2d4f84a4e7384300378&#039;, time: &#039;2013-12-05 09:01:37&#039;
System info: host: &#039;Twist-Resourcess-iMac.local&#039;, ip: &#039;10.0.1.7&#039;, os.name: &#039;Mac OS X&#039;, os.arch: &#039;x86_64&#039;, os.version: &#039;10.8&#039;, java.version: &#039;1.7.0_04&#039;
Session ID: 0833d435-da22-438e-a638-9d6d6b2b3f80
Driver info: org.openqa.selenium.remote.RemoteWebDriver
Capabilities [{platform=WINDOWS, javascriptEnabled=true, elementScrollBehavior=0, ignoreZoomSetting=false, enablePersistentHover=true, ie.ensureCleanSession=false, browserName=internet explorer, enableElementCacheCleanup=true, unexpectedAlertBehaviour=ignore, webdriver.remote.sessionid=0833d435-da22-438e-a638-9d6d6b2b3f80, version=8, ie.usePerProcessProxy=false, ignoreProtectedModeSettings=true, cssSelectorsEnabled=true, requireWindowFocus=false, handlesAlerts=true, initialBrowserUrl=http://localhost:16519/, ie.forceCreateProcessApi=false, nativeEvents=true, browserAttachTimeout=0, ie.browserCommandLineSwitches=, takesScreenshot=true}]">
      <![CDATA[org.openqa.selenium.UnhandledAlertException: Modal dialog present: 
Build info: version: '2.40.0', revision: 'fbe29a9', time: '2014-02-19 20:54:28'
System info: host: 'Asity', ip: '10.0.1.44', os.name: 'Windows 7', os.arch: 'x86', os.version: '6.1', java.version: '1.7.0_25'
Session ID: 72294a06-fff8-490a-8e50-e8b0c2eaf43c
Driver info: org.openqa.selenium.ie.InternetExplorerDriver
Capabilities [{platform=WINDOWS, javascriptEnabled=true, elementScrollBehavior=0, ignoreZoomSetting=false, enablePersistentHover=true, ie.ensureCleanSession=false, browserName=internet explorer, enableElementCacheCleanup=true, unexpectedAlertBehaviour=ignore, version=8, ie.usePerProcessProxy=false, cssSelectorsEnabled=true, ignoreProtectedModeSettings=true, requireWindowFocus=false, handlesAlerts=true, initialBrowserUrl=http://localhost:16519/, ie.forceCreateProcessApi=false, nativeEvents=true, browserAttachTimeout=0, ie.browserCommandLineSwitches=, takesScreenshot=true}]: 
Build info: version: '2.38.0', revision: 'bd32d4e7247a32d801b3d2d4f84a4e7384300378', time: '2013-12-05 09:01:37'
System info: host: 'Twist-Resourcess-iMac.local', ip: '10.0.1.7', os.name: 'Mac OS X', os.arch: 'x86_64', os.version: '10.8', java.version: '1.7.0_04'
Session ID: 0833d435-da22-438e-a638-9d6d6b2b3f80
Driver info: org.openqa.selenium.remote.RemoteWebDriver
Capabilities [{platform=WINDOWS, javascriptEnabled=true, elementScrollBehavior=0, ignoreZoomSetting=false, enablePersistentHover=true, ie.ensureCleanSession=false, browserName=internet explorer, enableElementCacheCleanup=true, unexpectedAlertBehaviour=ignore, webdriver.remote.sessionid=0833d435-da22-438e-a638-9d6d6b2b3f80, version=8, ie.usePerProcessProxy=false, ignoreProtectedModeSettings=true, cssSelectorsEnabled=true, requireWindowFocus=false, handlesAlerts=true, initialBrowserUrl=http://localhost:16519/, ie.forceCreateProcessApi=false, nativeEvents=true, browserAttachTimeout=0, ie.browserCommandLineSwitches=, takesScreenshot=true}]
	at sun.reflect.NativeConstructorAccessorImpl.newInstance0(Native Method)
	at sun.reflect.NativeConstructorAccessorImpl.newInstance(NativeConstructorAccessorImpl.java:57)
	at sun.reflect.DelegatingConstructorAccessorImpl.newInstance(DelegatingConstructorAccessorImpl.java:45)
	at java.lang.reflect.Constructor.newInstance(Constructor.java:525)
	at org.openqa.selenium.remote.ErrorHandler.createThrowable(ErrorHandler.java:193)
	at org.openqa.selenium.remote.ErrorHandler.createUnhandledAlertException(ErrorHandler.java:174)
	at org.openqa.selenium.remote.ErrorHandler.throwIfResponseFailed(ErrorHandler.java:141)
	at org.openqa.selenium.remote.RemoteWebDriver.execute(RemoteWebDriver.java:554)
	at org.openqa.selenium.remote.RemoteWebDriver$RemoteWebDriverOptions$RemoteWindow.maximize(RemoteWebDriver.java:783)
	at com.library.TestInitReference.Startup(TestInitReference.java:113)
	at sun.reflect.NativeMethodAccessorImpl.invoke0(Native Method)
	at sun.reflect.NativeMethodAccessorImpl.invoke(NativeMethodAccessorImpl.java:57)
	at sun.reflect.DelegatingMethodAccessorImpl.invoke(DelegatingMethodAccessorImpl.java:43)
	at java.lang.reflect.Method.invoke(Method.java:601)
	at org.testng.internal.MethodInvocationHelper.invokeMethod(MethodInvocationHelper.java:84)
	at org.testng.internal.Invoker.invokeConfigurationMethod(Invoker.java:564)
	at org.testng.internal.Invoker.invokeConfigurations(Invoker.java:213)
	at org.testng.internal.Invoker.invokeConfigurations(Invoker.java:138)
	at org.testng.internal.TestMethodWorker.invokeBeforeClassMethods(TestMethodWorker.java:175)
	at org.testng.internal.TestMethodWorker.run(TestMethodWorker.java:107)
	at org.testng.TestRunner.privateRun(TestRunner.java:767)
	at org.testng.TestRunner.run(TestRunner.java:617)
	at org.testng.SuiteRunner.runTest(SuiteRunner.java:335)
	at org.testng.SuiteRunner.runSequentially(SuiteRunner.java:330)
	at org.testng.SuiteRunner.privateRun(SuiteRunner.java:291)
	at org.testng.SuiteRunner.run(SuiteRunner.java:240)
	at org.testng.SuiteRunnerWorker.runSuite(SuiteRunnerWorker.java:52)
	at org.testng.SuiteRunnerWorker.run(SuiteRunnerWorker.java:86)
	at org.testng.TestNG.runSuitesSequentially(TestNG.java:1224)
	at org.testng.TestNG.runSuitesLocally(TestNG.java:1149)
	at org.testng.TestNG.run(TestNG.java:1057)
	at org.testng.remote.RemoteTestNG.run(RemoteTestNG.java:111)
	at org.testng.remote.RemoteTestNG.initAndRun(RemoteTestNG.java:204)
	at org.testng.remote.RemoteTestNG.main(RemoteTestNG.java:175)
]]>
    </failure>
  </testcase> <!-- UserRegistration -->
  <testcase name="UserRegistration" time="0.002" classname="com.test.BusinessUserRegistration">
    <failure type="org.openqa.selenium.UnhandledAlertException" message="Modal dialog present: 
Build info: version: &#039;2.40.0&#039;, revision: &#039;fbe29a9&#039;, time: &#039;2014-02-19 20:54:28&#039;
System info: host: &#039;Asity&#039;, ip: &#039;10.0.1.44&#039;, os.name: &#039;Windows 7&#039;, os.arch: &#039;x86&#039;, os.version: &#039;6.1&#039;, java.version: &#039;1.7.0_25&#039;
Session ID: 72294a06-fff8-490a-8e50-e8b0c2eaf43c
Driver info: org.openqa.selenium.ie.InternetExplorerDriver
Capabilities [{platform=WINDOWS, javascriptEnabled=true, elementScrollBehavior=0, ignoreZoomSetting=false, enablePersistentHover=true, ie.ensureCleanSession=false, browserName=internet explorer, enableElementCacheCleanup=true, unexpectedAlertBehaviour=ignore, version=8, ie.usePerProcessProxy=false, cssSelectorsEnabled=true, ignoreProtectedModeSettings=true, requireWindowFocus=false, handlesAlerts=true, initialBrowserUrl=http://localhost:16519/, ie.forceCreateProcessApi=false, nativeEvents=true, browserAttachTimeout=0, ie.browserCommandLineSwitches=, takesScreenshot=true}]: 
Build info: version: &#039;2.38.0&#039;, revision: &#039;bd32d4e7247a32d801b3d2d4f84a4e7384300378&#039;, time: &#039;2013-12-05 09:01:37&#039;
System info: host: &#039;Twist-Resourcess-iMac.local&#039;, ip: &#039;10.0.1.7&#039;, os.name: &#039;Mac OS X&#039;, os.arch: &#039;x86_64&#039;, os.version: &#039;10.8&#039;, java.version: &#039;1.7.0_04&#039;
Session ID: 0833d435-da22-438e-a638-9d6d6b2b3f80
Driver info: org.openqa.selenium.remote.RemoteWebDriver
Capabilities [{platform=WINDOWS, javascriptEnabled=true, elementScrollBehavior=0, ignoreZoomSetting=false, enablePersistentHover=true, ie.ensureCleanSession=false, browserName=internet explorer, enableElementCacheCleanup=true, unexpectedAlertBehaviour=ignore, webdriver.remote.sessionid=0833d435-da22-438e-a638-9d6d6b2b3f80, version=8, ie.usePerProcessProxy=false, ignoreProtectedModeSettings=true, cssSelectorsEnabled=true, requireWindowFocus=false, handlesAlerts=true, initialBrowserUrl=http://localhost:16519/, ie.forceCreateProcessApi=false, nativeEvents=true, browserAttachTimeout=0, ie.browserCommandLineSwitches=, takesScreenshot=true}]">
      <![CDATA[org.openqa.selenium.UnhandledAlertException: Modal dialog present: 
Build info: version: '2.40.0', revision: 'fbe29a9', time: '2014-02-19 20:54:28'
System info: host: 'Asity', ip: '10.0.1.44', os.name: 'Windows 7', os.arch: 'x86', os.version: '6.1', java.version: '1.7.0_25'
Session ID: 72294a06-fff8-490a-8e50-e8b0c2eaf43c
Driver info: org.openqa.selenium.ie.InternetExplorerDriver
Capabilities [{platform=WINDOWS, javascriptEnabled=true, elementScrollBehavior=0, ignoreZoomSetting=false, enablePersistentHover=true, ie.ensureCleanSession=false, browserName=internet explorer, enableElementCacheCleanup=true, unexpectedAlertBehaviour=ignore, version=8, ie.usePerProcessProxy=false, cssSelectorsEnabled=true, ignoreProtectedModeSettings=true, requireWindowFocus=false, handlesAlerts=true, initialBrowserUrl=http://localhost:16519/, ie.forceCreateProcessApi=false, nativeEvents=true, browserAttachTimeout=0, ie.browserCommandLineSwitches=, takesScreenshot=true}]: 
Build info: version: '2.38.0', revision: 'bd32d4e7247a32d801b3d2d4f84a4e7384300378', time: '2013-12-05 09:01:37'
System info: host: 'Twist-Resourcess-iMac.local', ip: '10.0.1.7', os.name: 'Mac OS X', os.arch: 'x86_64', os.version: '10.8', java.version: '1.7.0_04'
Session ID: 0833d435-da22-438e-a638-9d6d6b2b3f80
Driver info: org.openqa.selenium.remote.RemoteWebDriver
Capabilities [{platform=WINDOWS, javascriptEnabled=true, elementScrollBehavior=0, ignoreZoomSetting=false, enablePersistentHover=true, ie.ensureCleanSession=false, browserName=internet explorer, enableElementCacheCleanup=true, unexpectedAlertBehaviour=ignore, webdriver.remote.sessionid=0833d435-da22-438e-a638-9d6d6b2b3f80, version=8, ie.usePerProcessProxy=false, ignoreProtectedModeSettings=true, cssSelectorsEnabled=true, requireWindowFocus=false, handlesAlerts=true, initialBrowserUrl=http://localhost:16519/, ie.forceCreateProcessApi=false, nativeEvents=true, browserAttachTimeout=0, ie.browserCommandLineSwitches=, takesScreenshot=true}]
	at sun.reflect.NativeConstructorAccessorImpl.newInstance0(Native Method)
	at sun.reflect.NativeConstructorAccessorImpl.newInstance(NativeConstructorAccessorImpl.java:57)
	at sun.reflect.DelegatingConstructorAccessorImpl.newInstance(DelegatingConstructorAccessorImpl.java:45)
	at java.lang.reflect.Constructor.newInstance(Constructor.java:525)
	at org.openqa.selenium.remote.ErrorHandler.createThrowable(ErrorHandler.java:193)
	at org.openqa.selenium.remote.ErrorHandler.createUnhandledAlertException(ErrorHandler.java:174)
	at org.openqa.selenium.remote.ErrorHandler.throwIfResponseFailed(ErrorHandler.java:141)
	at org.openqa.selenium.remote.RemoteWebDriver.execute(RemoteWebDriver.java:554)
	at org.openqa.selenium.remote.RemoteWebDriver$RemoteWebDriverOptions$RemoteWindow.maximize(RemoteWebDriver.java:783)
	at com.library.TestInitReference.Startup(TestInitReference.java:113)
	at sun.reflect.NativeMethodAccessorImpl.invoke0(Native Method)
	at sun.reflect.NativeMethodAccessorImpl.invoke(NativeMethodAccessorImpl.java:57)
	at sun.reflect.DelegatingMethodAccessorImpl.invoke(DelegatingMethodAccessorImpl.java:43)
	at java.lang.reflect.Method.invoke(Method.java:601)
	at org.testng.internal.MethodInvocationHelper.invokeMethod(MethodInvocationHelper.java:84)
	at org.testng.internal.Invoker.invokeConfigurationMethod(Invoker.java:564)
	at org.testng.internal.Invoker.invokeConfigurations(Invoker.java:213)
	at org.testng.internal.Invoker.invokeConfigurations(Invoker.java:138)
	at org.testng.internal.TestMethodWorker.invokeBeforeClassMethods(TestMethodWorker.java:175)
	at org.testng.internal.TestMethodWorker.run(TestMethodWorker.java:107)
	at org.testng.TestRunner.privateRun(TestRunner.java:767)
	at org.testng.TestRunner.run(TestRunner.java:617)
	at org.testng.SuiteRunner.runTest(SuiteRunner.java:335)
	at org.testng.SuiteRunner.runSequentially(SuiteRunner.java:330)
	at org.testng.SuiteRunner.privateRun(SuiteRunner.java:291)
	at org.testng.SuiteRunner.run(SuiteRunner.java:240)
	at org.testng.SuiteRunnerWorker.runSuite(SuiteRunnerWorker.java:52)
	at org.testng.SuiteRunnerWorker.run(SuiteRunnerWorker.java:86)
	at org.testng.TestNG.runSuitesSequentially(TestNG.java:1224)
	at org.testng.TestNG.runSuitesLocally(TestNG.java:1149)
	at org.testng.TestNG.run(TestNG.java:1057)
	at org.testng.remote.RemoteTestNG.run(RemoteTestNG.java:111)
	at org.testng.remote.RemoteTestNG.initAndRun(RemoteTestNG.java:204)
	at org.testng.remote.RemoteTestNG.main(RemoteTestNG.java:175)
]]>
    </failure>
  </testcase> <!-- UserRegistration -->
  <testcase name="UserRegistration" time="0.001" classname="com.test.BusinessUserRegistration">
    <failure type="org.openqa.selenium.UnhandledAlertException" message="Modal dialog present: 
Build info: version: &#039;2.40.0&#039;, revision: &#039;fbe29a9&#039;, time: &#039;2014-02-19 20:54:28&#039;
System info: host: &#039;Asity&#039;, ip: &#039;10.0.1.44&#039;, os.name: &#039;Windows 7&#039;, os.arch: &#039;x86&#039;, os.version: &#039;6.1&#039;, java.version: &#039;1.7.0_25&#039;
Session ID: 72294a06-fff8-490a-8e50-e8b0c2eaf43c
Driver info: org.openqa.selenium.ie.InternetExplorerDriver
Capabilities [{platform=WINDOWS, javascriptEnabled=true, elementScrollBehavior=0, ignoreZoomSetting=false, enablePersistentHover=true, ie.ensureCleanSession=false, browserName=internet explorer, enableElementCacheCleanup=true, unexpectedAlertBehaviour=ignore, version=8, ie.usePerProcessProxy=false, cssSelectorsEnabled=true, ignoreProtectedModeSettings=true, requireWindowFocus=false, handlesAlerts=true, initialBrowserUrl=http://localhost:16519/, ie.forceCreateProcessApi=false, nativeEvents=true, browserAttachTimeout=0, ie.browserCommandLineSwitches=, takesScreenshot=true}]: 
Build info: version: &#039;2.38.0&#039;, revision: &#039;bd32d4e7247a32d801b3d2d4f84a4e7384300378&#039;, time: &#039;2013-12-05 09:01:37&#039;
System info: host: &#039;Twist-Resourcess-iMac.local&#039;, ip: &#039;10.0.1.7&#039;, os.name: &#039;Mac OS X&#039;, os.arch: &#039;x86_64&#039;, os.version: &#039;10.8&#039;, java.version: &#039;1.7.0_04&#039;
Session ID: 0833d435-da22-438e-a638-9d6d6b2b3f80
Driver info: org.openqa.selenium.remote.RemoteWebDriver
Capabilities [{platform=WINDOWS, javascriptEnabled=true, elementScrollBehavior=0, ignoreZoomSetting=false, enablePersistentHover=true, ie.ensureCleanSession=false, browserName=internet explorer, enableElementCacheCleanup=true, unexpectedAlertBehaviour=ignore, webdriver.remote.sessionid=0833d435-da22-438e-a638-9d6d6b2b3f80, version=8, ie.usePerProcessProxy=false, ignoreProtectedModeSettings=true, cssSelectorsEnabled=true, requireWindowFocus=false, handlesAlerts=true, initialBrowserUrl=http://localhost:16519/, ie.forceCreateProcessApi=false, nativeEvents=true, browserAttachTimeout=0, ie.browserCommandLineSwitches=, takesScreenshot=true}]">
      <![CDATA[org.openqa.selenium.UnhandledAlertException: Modal dialog present: 
Build info: version: '2.40.0', revision: 'fbe29a9', time: '2014-02-19 20:54:28'
System info: host: 'Asity', ip: '10.0.1.44', os.name: 'Windows 7', os.arch: 'x86', os.version: '6.1', java.version: '1.7.0_25'
Session ID: 72294a06-fff8-490a-8e50-e8b0c2eaf43c
Driver info: org.openqa.selenium.ie.InternetExplorerDriver
Capabilities [{platform=WINDOWS, javascriptEnabled=true, elementScrollBehavior=0, ignoreZoomSetting=false, enablePersistentHover=true, ie.ensureCleanSession=false, browserName=internet explorer, enableElementCacheCleanup=true, unexpectedAlertBehaviour=ignore, version=8, ie.usePerProcessProxy=false, cssSelectorsEnabled=true, ignoreProtectedModeSettings=true, requireWindowFocus=false, handlesAlerts=true, initialBrowserUrl=http://localhost:16519/, ie.forceCreateProcessApi=false, nativeEvents=true, browserAttachTimeout=0, ie.browserCommandLineSwitches=, takesScreenshot=true}]: 
Build info: version: '2.38.0', revision: 'bd32d4e7247a32d801b3d2d4f84a4e7384300378', time: '2013-12-05 09:01:37'
System info: host: 'Twist-Resourcess-iMac.local', ip: '10.0.1.7', os.name: 'Mac OS X', os.arch: 'x86_64', os.version: '10.8', java.version: '1.7.0_04'
Session ID: 0833d435-da22-438e-a638-9d6d6b2b3f80
Driver info: org.openqa.selenium.remote.RemoteWebDriver
Capabilities [{platform=WINDOWS, javascriptEnabled=true, elementScrollBehavior=0, ignoreZoomSetting=false, enablePersistentHover=true, ie.ensureCleanSession=false, browserName=internet explorer, enableElementCacheCleanup=true, unexpectedAlertBehaviour=ignore, webdriver.remote.sessionid=0833d435-da22-438e-a638-9d6d6b2b3f80, version=8, ie.usePerProcessProxy=false, ignoreProtectedModeSettings=true, cssSelectorsEnabled=true, requireWindowFocus=false, handlesAlerts=true, initialBrowserUrl=http://localhost:16519/, ie.forceCreateProcessApi=false, nativeEvents=true, browserAttachTimeout=0, ie.browserCommandLineSwitches=, takesScreenshot=true}]
	at sun.reflect.NativeConstructorAccessorImpl.newInstance0(Native Method)
	at sun.reflect.NativeConstructorAccessorImpl.newInstance(NativeConstructorAccessorImpl.java:57)
	at sun.reflect.DelegatingConstructorAccessorImpl.newInstance(DelegatingConstructorAccessorImpl.java:45)
	at java.lang.reflect.Constructor.newInstance(Constructor.java:525)
	at org.openqa.selenium.remote.ErrorHandler.createThrowable(ErrorHandler.java:193)
	at org.openqa.selenium.remote.ErrorHandler.createUnhandledAlertException(ErrorHandler.java:174)
	at org.openqa.selenium.remote.ErrorHandler.throwIfResponseFailed(ErrorHandler.java:141)
	at org.openqa.selenium.remote.RemoteWebDriver.execute(RemoteWebDriver.java:554)
	at org.openqa.selenium.remote.RemoteWebDriver$RemoteWebDriverOptions$RemoteWindow.maximize(RemoteWebDriver.java:783)
	at com.library.TestInitReference.Startup(TestInitReference.java:113)
	at sun.reflect.NativeMethodAccessorImpl.invoke0(Native Method)
	at sun.reflect.NativeMethodAccessorImpl.invoke(NativeMethodAccessorImpl.java:57)
	at sun.reflect.DelegatingMethodAccessorImpl.invoke(DelegatingMethodAccessorImpl.java:43)
	at java.lang.reflect.Method.invoke(Method.java:601)
	at org.testng.internal.MethodInvocationHelper.invokeMethod(MethodInvocationHelper.java:84)
	at org.testng.internal.Invoker.invokeConfigurationMethod(Invoker.java:564)
	at org.testng.internal.Invoker.invokeConfigurations(Invoker.java:213)
	at org.testng.internal.Invoker.invokeConfigurations(Invoker.java:138)
	at org.testng.internal.TestMethodWorker.invokeBeforeClassMethods(TestMethodWorker.java:175)
	at org.testng.internal.TestMethodWorker.run(TestMethodWorker.java:107)
	at org.testng.TestRunner.privateRun(TestRunner.java:767)
	at org.testng.TestRunner.run(TestRunner.java:617)
	at org.testng.SuiteRunner.runTest(SuiteRunner.java:335)
	at org.testng.SuiteRunner.runSequentially(SuiteRunner.java:330)
	at org.testng.SuiteRunner.privateRun(SuiteRunner.java:291)
	at org.testng.SuiteRunner.run(SuiteRunner.java:240)
	at org.testng.SuiteRunnerWorker.runSuite(SuiteRunnerWorker.java:52)
	at org.testng.SuiteRunnerWorker.run(SuiteRunnerWorker.java:86)
	at org.testng.TestNG.runSuitesSequentially(TestNG.java:1224)
	at org.testng.TestNG.runSuitesLocally(TestNG.java:1149)
	at org.testng.TestNG.run(TestNG.java:1057)
	at org.testng.remote.RemoteTestNG.run(RemoteTestNG.java:111)
	at org.testng.remote.RemoteTestNG.initAndRun(RemoteTestNG.java:204)
	at org.testng.remote.RemoteTestNG.main(RemoteTestNG.java:175)
]]>
    </failure>
  </testcase> <!-- UserRegistration -->
  <testcase name="UserRegistration" time="0.002" classname="com.test.BusinessUserRegistration">
    <failure type="org.openqa.selenium.UnhandledAlertException" message="Modal dialog present: 
Build info: version: &#039;2.40.0&#039;, revision: &#039;fbe29a9&#039;, time: &#039;2014-02-19 20:54:28&#039;
System info: host: &#039;Asity&#039;, ip: &#039;10.0.1.44&#039;, os.name: &#039;Windows 7&#039;, os.arch: &#039;x86&#039;, os.version: &#039;6.1&#039;, java.version: &#039;1.7.0_25&#039;
Session ID: 72294a06-fff8-490a-8e50-e8b0c2eaf43c
Driver info: org.openqa.selenium.ie.InternetExplorerDriver
Capabilities [{platform=WINDOWS, javascriptEnabled=true, elementScrollBehavior=0, ignoreZoomSetting=false, enablePersistentHover=true, ie.ensureCleanSession=false, browserName=internet explorer, enableElementCacheCleanup=true, unexpectedAlertBehaviour=ignore, version=8, ie.usePerProcessProxy=false, cssSelectorsEnabled=true, ignoreProtectedModeSettings=true, requireWindowFocus=false, handlesAlerts=true, initialBrowserUrl=http://localhost:16519/, ie.forceCreateProcessApi=false, nativeEvents=true, browserAttachTimeout=0, ie.browserCommandLineSwitches=, takesScreenshot=true}]: 
Build info: version: &#039;2.38.0&#039;, revision: &#039;bd32d4e7247a32d801b3d2d4f84a4e7384300378&#039;, time: &#039;2013-12-05 09:01:37&#039;
System info: host: &#039;Twist-Resourcess-iMac.local&#039;, ip: &#039;10.0.1.7&#039;, os.name: &#039;Mac OS X&#039;, os.arch: &#039;x86_64&#039;, os.version: &#039;10.8&#039;, java.version: &#039;1.7.0_04&#039;
Session ID: 0833d435-da22-438e-a638-9d6d6b2b3f80
Driver info: org.openqa.selenium.remote.RemoteWebDriver
Capabilities [{platform=WINDOWS, javascriptEnabled=true, elementScrollBehavior=0, ignoreZoomSetting=false, enablePersistentHover=true, ie.ensureCleanSession=false, browserName=internet explorer, enableElementCacheCleanup=true, unexpectedAlertBehaviour=ignore, webdriver.remote.sessionid=0833d435-da22-438e-a638-9d6d6b2b3f80, version=8, ie.usePerProcessProxy=false, ignoreProtectedModeSettings=true, cssSelectorsEnabled=true, requireWindowFocus=false, handlesAlerts=true, initialBrowserUrl=http://localhost:16519/, ie.forceCreateProcessApi=false, nativeEvents=true, browserAttachTimeout=0, ie.browserCommandLineSwitches=, takesScreenshot=true}]">
      <![CDATA[org.openqa.selenium.UnhandledAlertException: Modal dialog present: 
Build info: version: '2.40.0', revision: 'fbe29a9', time: '2014-02-19 20:54:28'
System info: host: 'Asity', ip: '10.0.1.44', os.name: 'Windows 7', os.arch: 'x86', os.version: '6.1', java.version: '1.7.0_25'
Session ID: 72294a06-fff8-490a-8e50-e8b0c2eaf43c
Driver info: org.openqa.selenium.ie.InternetExplorerDriver
Capabilities [{platform=WINDOWS, javascriptEnabled=true, elementScrollBehavior=0, ignoreZoomSetting=false, enablePersistentHover=true, ie.ensureCleanSession=false, browserName=internet explorer, enableElementCacheCleanup=true, unexpectedAlertBehaviour=ignore, version=8, ie.usePerProcessProxy=false, cssSelectorsEnabled=true, ignoreProtectedModeSettings=true, requireWindowFocus=false, handlesAlerts=true, initialBrowserUrl=http://localhost:16519/, ie.forceCreateProcessApi=false, nativeEvents=true, browserAttachTimeout=0, ie.browserCommandLineSwitches=, takesScreenshot=true}]: 
Build info: version: '2.38.0', revision: 'bd32d4e7247a32d801b3d2d4f84a4e7384300378', time: '2013-12-05 09:01:37'
System info: host: 'Twist-Resourcess-iMac.local', ip: '10.0.1.7', os.name: 'Mac OS X', os.arch: 'x86_64', os.version: '10.8', java.version: '1.7.0_04'
Session ID: 0833d435-da22-438e-a638-9d6d6b2b3f80
Driver info: org.openqa.selenium.remote.RemoteWebDriver
Capabilities [{platform=WINDOWS, javascriptEnabled=true, elementScrollBehavior=0, ignoreZoomSetting=false, enablePersistentHover=true, ie.ensureCleanSession=false, browserName=internet explorer, enableElementCacheCleanup=true, unexpectedAlertBehaviour=ignore, webdriver.remote.sessionid=0833d435-da22-438e-a638-9d6d6b2b3f80, version=8, ie.usePerProcessProxy=false, ignoreProtectedModeSettings=true, cssSelectorsEnabled=true, requireWindowFocus=false, handlesAlerts=true, initialBrowserUrl=http://localhost:16519/, ie.forceCreateProcessApi=false, nativeEvents=true, browserAttachTimeout=0, ie.browserCommandLineSwitches=, takesScreenshot=true}]
	at sun.reflect.NativeConstructorAccessorImpl.newInstance0(Native Method)
	at sun.reflect.NativeConstructorAccessorImpl.newInstance(NativeConstructorAccessorImpl.java:57)
	at sun.reflect.DelegatingConstructorAccessorImpl.newInstance(DelegatingConstructorAccessorImpl.java:45)
	at java.lang.reflect.Constructor.newInstance(Constructor.java:525)
	at org.openqa.selenium.remote.ErrorHandler.createThrowable(ErrorHandler.java:193)
	at org.openqa.selenium.remote.ErrorHandler.createUnhandledAlertException(ErrorHandler.java:174)
	at org.openqa.selenium.remote.ErrorHandler.throwIfResponseFailed(ErrorHandler.java:141)
	at org.openqa.selenium.remote.RemoteWebDriver.execute(RemoteWebDriver.java:554)
	at org.openqa.selenium.remote.RemoteWebDriver$RemoteWebDriverOptions$RemoteWindow.maximize(RemoteWebDriver.java:783)
	at com.library.TestInitReference.Startup(TestInitReference.java:113)
	at sun.reflect.NativeMethodAccessorImpl.invoke0(Native Method)
	at sun.reflect.NativeMethodAccessorImpl.invoke(NativeMethodAccessorImpl.java:57)
	at sun.reflect.DelegatingMethodAccessorImpl.invoke(DelegatingMethodAccessorImpl.java:43)
	at java.lang.reflect.Method.invoke(Method.java:601)
	at org.testng.internal.MethodInvocationHelper.invokeMethod(MethodInvocationHelper.java:84)
	at org.testng.internal.Invoker.invokeConfigurationMethod(Invoker.java:564)
	at org.testng.internal.Invoker.invokeConfigurations(Invoker.java:213)
	at org.testng.internal.Invoker.invokeConfigurations(Invoker.java:138)
	at org.testng.internal.TestMethodWorker.invokeBeforeClassMethods(TestMethodWorker.java:175)
	at org.testng.internal.TestMethodWorker.run(TestMethodWorker.java:107)
	at org.testng.TestRunner.privateRun(TestRunner.java:767)
	at org.testng.TestRunner.run(TestRunner.java:617)
	at org.testng.SuiteRunner.runTest(SuiteRunner.java:335)
	at org.testng.SuiteRunner.runSequentially(SuiteRunner.java:330)
	at org.testng.SuiteRunner.privateRun(SuiteRunner.java:291)
	at org.testng.SuiteRunner.run(SuiteRunner.java:240)
	at org.testng.SuiteRunnerWorker.runSuite(SuiteRunnerWorker.java:52)
	at org.testng.SuiteRunnerWorker.run(SuiteRunnerWorker.java:86)
	at org.testng.TestNG.runSuitesSequentially(TestNG.java:1224)
	at org.testng.TestNG.runSuitesLocally(TestNG.java:1149)
	at org.testng.TestNG.run(TestNG.java:1057)
	at org.testng.remote.RemoteTestNG.run(RemoteTestNG.java:111)
	at org.testng.remote.RemoteTestNG.initAndRun(RemoteTestNG.java:204)
	at org.testng.remote.RemoteTestNG.main(RemoteTestNG.java:175)
]]>
    </failure>
  </testcase> <!-- UserRegistration -->
  <testcase name="UserRegistration" time="0.001" classname="com.test.BusinessUserRegistration">
    <failure type="org.openqa.selenium.UnhandledAlertException" message="Modal dialog present: 
Build info: version: &#039;2.40.0&#039;, revision: &#039;fbe29a9&#039;, time: &#039;2014-02-19 20:54:28&#039;
System info: host: &#039;Asity&#039;, ip: &#039;10.0.1.44&#039;, os.name: &#039;Windows 7&#039;, os.arch: &#039;x86&#039;, os.version: &#039;6.1&#039;, java.version: &#039;1.7.0_25&#039;
Session ID: 72294a06-fff8-490a-8e50-e8b0c2eaf43c
Driver info: org.openqa.selenium.ie.InternetExplorerDriver
Capabilities [{platform=WINDOWS, javascriptEnabled=true, elementScrollBehavior=0, ignoreZoomSetting=false, enablePersistentHover=true, ie.ensureCleanSession=false, browserName=internet explorer, enableElementCacheCleanup=true, unexpectedAlertBehaviour=ignore, version=8, ie.usePerProcessProxy=false, cssSelectorsEnabled=true, ignoreProtectedModeSettings=true, requireWindowFocus=false, handlesAlerts=true, initialBrowserUrl=http://localhost:16519/, ie.forceCreateProcessApi=false, nativeEvents=true, browserAttachTimeout=0, ie.browserCommandLineSwitches=, takesScreenshot=true}]: 
Build info: version: &#039;2.38.0&#039;, revision: &#039;bd32d4e7247a32d801b3d2d4f84a4e7384300378&#039;, time: &#039;2013-12-05 09:01:37&#039;
System info: host: &#039;Twist-Resourcess-iMac.local&#039;, ip: &#039;10.0.1.7&#039;, os.name: &#039;Mac OS X&#039;, os.arch: &#039;x86_64&#039;, os.version: &#039;10.8&#039;, java.version: &#039;1.7.0_04&#039;
Session ID: 0833d435-da22-438e-a638-9d6d6b2b3f80
Driver info: org.openqa.selenium.remote.RemoteWebDriver
Capabilities [{platform=WINDOWS, javascriptEnabled=true, elementScrollBehavior=0, ignoreZoomSetting=false, enablePersistentHover=true, ie.ensureCleanSession=false, browserName=internet explorer, enableElementCacheCleanup=true, unexpectedAlertBehaviour=ignore, webdriver.remote.sessionid=0833d435-da22-438e-a638-9d6d6b2b3f80, version=8, ie.usePerProcessProxy=false, ignoreProtectedModeSettings=true, cssSelectorsEnabled=true, requireWindowFocus=false, handlesAlerts=true, initialBrowserUrl=http://localhost:16519/, ie.forceCreateProcessApi=false, nativeEvents=true, browserAttachTimeout=0, ie.browserCommandLineSwitches=, takesScreenshot=true}]">
      <![CDATA[org.openqa.selenium.UnhandledAlertException: Modal dialog present: 
Build info: version: '2.40.0', revision: 'fbe29a9', time: '2014-02-19 20:54:28'
System info: host: 'Asity', ip: '10.0.1.44', os.name: 'Windows 7', os.arch: 'x86', os.version: '6.1', java.version: '1.7.0_25'
Session ID: 72294a06-fff8-490a-8e50-e8b0c2eaf43c
Driver info: org.openqa.selenium.ie.InternetExplorerDriver
Capabilities [{platform=WINDOWS, javascriptEnabled=true, elementScrollBehavior=0, ignoreZoomSetting=false, enablePersistentHover=true, ie.ensureCleanSession=false, browserName=internet explorer, enableElementCacheCleanup=true, unexpectedAlertBehaviour=ignore, version=8, ie.usePerProcessProxy=false, cssSelectorsEnabled=true, ignoreProtectedModeSettings=true, requireWindowFocus=false, handlesAlerts=true, initialBrowserUrl=http://localhost:16519/, ie.forceCreateProcessApi=false, nativeEvents=true, browserAttachTimeout=0, ie.browserCommandLineSwitches=, takesScreenshot=true}]: 
Build info: version: '2.38.0', revision: 'bd32d4e7247a32d801b3d2d4f84a4e7384300378', time: '2013-12-05 09:01:37'
System info: host: 'Twist-Resourcess-iMac.local', ip: '10.0.1.7', os.name: 'Mac OS X', os.arch: 'x86_64', os.version: '10.8', java.version: '1.7.0_04'
Session ID: 0833d435-da22-438e-a638-9d6d6b2b3f80
Driver info: org.openqa.selenium.remote.RemoteWebDriver
Capabilities [{platform=WINDOWS, javascriptEnabled=true, elementScrollBehavior=0, ignoreZoomSetting=false, enablePersistentHover=true, ie.ensureCleanSession=false, browserName=internet explorer, enableElementCacheCleanup=true, unexpectedAlertBehaviour=ignore, webdriver.remote.sessionid=0833d435-da22-438e-a638-9d6d6b2b3f80, version=8, ie.usePerProcessProxy=false, ignoreProtectedModeSettings=true, cssSelectorsEnabled=true, requireWindowFocus=false, handlesAlerts=true, initialBrowserUrl=http://localhost:16519/, ie.forceCreateProcessApi=false, nativeEvents=true, browserAttachTimeout=0, ie.browserCommandLineSwitches=, takesScreenshot=true}]
	at sun.reflect.NativeConstructorAccessorImpl.newInstance0(Native Method)
	at sun.reflect.NativeConstructorAccessorImpl.newInstance(NativeConstructorAccessorImpl.java:57)
	at sun.reflect.DelegatingConstructorAccessorImpl.newInstance(DelegatingConstructorAccessorImpl.java:45)
	at java.lang.reflect.Constructor.newInstance(Constructor.java:525)
	at org.openqa.selenium.remote.ErrorHandler.createThrowable(ErrorHandler.java:193)
[...]
Driver info: org.openqa.selenium.ie.InternetExplorerDriver
Capabilities [{platform=WINDOWS, javascriptEnabled=true, elementScrollBehavior=0, ignoreZoomSetting=false, enablePersistentHover=true, ie.ensureCleanSession=false, browserName=internet explorer, enableElementCacheCleanup=true, unexpectedAlertBehaviour=ignore, version=8, ie.usePerProcessProxy=false, cssSelectorsEnabled=true, ignoreProtectedModeSettings=true, requireWindowFocus=false, handlesAlerts=true, initialBrowserUrl=http://localhost:16519/, ie.forceCreateProcessApi=false, nativeEvents=true, browserAttachTimeout=0, ie.browserCommandLineSwitches=, takesScreenshot=true}]: 
Build info: version: &#039;2.38.0&#039;, revision: &#039;bd32d4e7247a32d801b3d2d4f84a4e7384300378&#039;, time: &#039;2013-12-05 09:01:37&#039;
System info: host: &#039;Twist-Resourcess-iMac.local&#039;, ip: &#039;10.0.1.7&#039;, os.name: &#039;Mac OS X&#039;, os.arch: &#039;x86_64&#039;, os.version: &#039;10.8&#039;, java.version: &#039;1.7.0_04&#039;
Session ID: 0833d435-da22-438e-a638-9d6d6b2b3f80
Driver info: org.openqa.selenium.remote.RemoteWebDriver
Capabilities [{platform=WINDOWS, javascriptEnabled=true, elementScrollBehavior=0, ignoreZoomSetting=false, enablePersistentHover=true, ie.ensureCleanSession=false, browserName=internet explorer, enableElementCacheCleanup=true, unexpectedAlertBehaviour=ignore, webdriver.remote.sessionid=0833d435-da22-438e-a638-9d6d6b2b3f80, version=8, ie.usePerProcessProxy=false, ignoreProtectedModeSettings=true, cssSelectorsEnabled=true, requireWindowFocus=false, handlesAlerts=true, initialBrowserUrl=http://localhost:16519/, ie.forceCreateProcessApi=false, nativeEvents=true, browserAttachTimeout=0, ie.browserCommandLineSwitches=, takesScreenshot=true}]">
      <![CDATA[org.openqa.selenium.UnhandledAlertException: Modal dialog present: 
Build info: version: '2.40.0', revision: 'fbe29a9', time: '2014-02-19 20:54:28'
System info: host: 'Asity', ip: '10.0.1.44', os.name: 'Windows 7', os.arch: 'x86', os.version: '6.1', java.version: '1.7.0_25'
Session ID: 72294a06-fff8-490a-8e50-e8b0c2eaf43c
Driver info: org.openqa.selenium.ie.InternetExplorerDriver
Capabilities [{platform=WINDOWS, javascriptEnabled=true, elementScrollBehavior=0, ignoreZoomSetting=false, enablePersistentHover=true, ie.ensureCleanSession=false, browserName=internet explorer, enableElementCacheCleanup=true, unexpectedAlertBehaviour=ignore, version=8, ie.usePerProcessProxy=false, cssSelectorsEnabled=true, ignoreProtectedModeSettings=true, requireWindowFocus=false, handlesAlerts=true, initialBrowserUrl=http://localhost:16519/, ie.forceCreateProcessApi=false, nativeEvents=true, browserAttachTimeout=0, ie.browserCommandLineSwitches=, takesScreenshot=true}]: 
Build info: version: '2.38.0', revision: 'bd32d4e7247a32d801b3d2d4f84a4e7384300378', time: '2013-12-05 09:01:37'
System info: host: 'Twist-Resourcess-iMac.local', ip: '10.0.1.7', os.name: 'Mac OS X', os.arch: 'x86_64', os.version: '10.8', java.version: '1.7.0_04'
Session ID: 0833d435-da22-438e-a638-9d6d6b2b3f80
Driver info: org.openqa.selenium.remote.RemoteWebDriver
Capabilities [{platform=WINDOWS, javascriptEnabled=true, elementScrollBehavior=0, ignoreZoomSetting=false, enablePersistentHover=true, ie.ensureCleanSession=false, browserName=internet explorer, enableElementCacheCleanup=true, unexpectedAlertBehaviour=ignore, webdriver.remote.sessionid=0833d435-da22-438e-a638-9d6d6b2b3f80, version=8, ie.usePerProcessProxy=false, ignoreProtectedModeSettings=true, cssSelectorsEnabled=true, requireWindowFocus=false, handlesAlerts=true, initialBrowserUrl=http://localhost:16519/, ie.forceCreateProcessApi=false, nativeEvents=true, browserAttachTimeout=0, ie.browserCommandLineSwitches=, takesScreenshot=true}]
	at sun.reflect.NativeConstructorAccessorImpl.newInstance0(Native Method)
	at sun.reflect.NativeConstructorAccessorImpl.newInstance(NativeConstructorAccessorImpl.java:57)
	at sun.reflect.DelegatingConstructorAccessorImpl.newInstance(DelegatingConstructorAccessorImpl.java:45)
	at java.lang.reflect.Constructor.newInstance(Constructor.java:525)
	at org.openqa.selenium.remote.ErrorHandler.createThrowable(ErrorHandler.java:193)
	at org.openqa.selenium.remote.ErrorHandler.createUnhandledAlertException(ErrorHandler.java:174)
	at org.openqa.selenium.remote.ErrorHandler.throwIfResponseFailed(ErrorHandler.java:141)
	at org.openqa.selenium.remote.RemoteWebDriver.execute(RemoteWebDriver.java:554)
	at org.openqa.selenium.remote.RemoteWebDriver$RemoteWebDriverOptions$RemoteWindow.maximize(RemoteWebDriver.java:783)
	at com.library.TestInitReference.Startup(TestInitReference.java:113)
	at sun.reflect.NativeMethodAccessorImpl.invoke0(Native Method)
	at sun.reflect.NativeMethodAccessorImpl.invoke(NativeMethodAccessorImpl.java:57)
	at sun.reflect.DelegatingMethodAccessorImpl.invoke(DelegatingMethodAccessorImpl.java:43)
	at java.lang.reflect.Method.invoke(Method.java:601)
	at org.testng.internal.MethodInvocationHelper.invokeMethod(MethodInvocationHelper.java:84)
	at org.testng.internal.Invoker.invokeConfigurationMethod(Invoker.java:564)
	at org.testng.internal.Invoker.invokeConfigurations(Invoker.java:213)
	at org.testng.internal.Invoker.invokeConfigurations(Invoker.java:138)
	at org.testng.internal.TestMethodWorker.invokeBeforeClassMethods(TestMethodWorker.java:175)
	at org.testng.internal.TestMethodWorker.run(TestMethodWorker.java:107)
	at org.testng.TestRunner.privateRun(TestRunner.java:767)
	at org.testng.TestRunner.run(TestRunner.java:617)
	at org.testng.SuiteRunner.runTest(SuiteRunner.java:335)
	at org.testng.SuiteRunner.runSequentially(SuiteRunner.java:330)
	at org.testng.SuiteRunner.privateRun(SuiteRunner.java:291)
	at org.testng.SuiteRunner.run(SuiteRunner.java:240)
	at org.testng.SuiteRunnerWorker.runSuite(SuiteRunnerWorker.java:52)
	at org.testng.SuiteRunnerWorker.run(SuiteRunnerWorker.java:86)
	at org.testng.TestNG.runSuitesSequentially(TestNG.java:1224)
	at org.testng.TestNG.runSuitesLocally(TestNG.java:1149)
	at org.testng.TestNG.run(TestNG.java:1057)
	at org.testng.remote.RemoteTestNG.run(RemoteTestNG.java:111)
	at org.testng.remote.RemoteTestNG.initAndRun(RemoteTestNG.java:204)
	at org.testng.remote.RemoteTestNG.main(RemoteTestNG.java:175)
]]>
    </failure>
  </testcase> <!-- UserRegistration -->
  <testcase name="UserRegistration" time="0.001" classname="com.test.BusinessUserRegistration">
    <failure type="org.openqa.selenium.UnhandledAlertException" message="Modal dialog present: 
Build info: version: &#039;2.40.0&#039;, revision: &#039;fbe29a9&#039;, time: &#039;2014-02-19 20:54:28&#039;
System info: host: &#039;Asity&#039;, ip: &#039;10.0.1.44&#039;, os.name: &#039;Windows 7&#039;, os.arch: &#039;x86&#039;, os.version: &#039;6.1&#039;, java.version: &#039;1.7.0_25&#039;
Session ID: 72294a06-fff8-490a-8e50-e8b0c2eaf43c
Driver info: org.openqa.selenium.ie.InternetExplorerDriver
Capabilities [{platform=WINDOWS, javascriptEnabled=true, elementScrollBehavior=0, ignoreZoomSetting=false, enablePersistentHover=true, ie.ensureCleanSession=false, browserName=internet explorer, enableElementCacheCleanup=true, unexpectedAlertBehaviour=ignore, version=8, ie.usePerProcessProxy=false, cssSelectorsEnabled=true, ignoreProtectedModeSettings=true, requireWindowFocus=false, handlesAlerts=true, initialBrowserUrl=http://localhost:16519/, ie.forceCreateProcessApi=false, nativeEvents=true, browserAttachTimeout=0, ie.browserCommandLineSwitches=, takesScreenshot=true}]: 
Build info: version: &#039;2.38.0&#039;, revision: &#039;bd32d4e7247a32d801b3d2d4f84a4e7384300378&#039;, time: &#039;2013-12-05 09:01:37&#039;
System info: host: &#039;Twist-Resourcess-iMac.local&#039;, ip: &#039;10.0.1.7&#039;, os.name: &#039;Mac OS X&#039;, os.arch: &#039;x86_64&#039;, os.version: &#039;10.8&#039;, java.version: &#039;1.7.0_04&#039;
Session ID: 0833d435-da22-438e-a638-9d6d6b2b3f80
Driver info: org.openqa.selenium.remote.RemoteWebDriver
Capabilities [{platform=WINDOWS, javascriptEnabled=true, elementScrollBehavior=0, ignoreZoomSetting=false, enablePersistentHover=true, ie.ensureCleanSession=false, browserName=internet explorer, enableElementCacheCleanup=true, unexpectedAlertBehaviour=ignore, webdriver.remote.sessionid=0833d435-da22-438e-a638-9d6d6b2b3f80, version=8, ie.usePerProcessProxy=false, ignoreProtectedModeSettings=true, cssSelectorsEnabled=true, requireWindowFocus=false, handlesAlerts=true, initialBrowserUrl=http://localhost:16519/, ie.forceCreateProcessApi=false, nativeEvents=true, browserAttachTimeout=0, ie.browserCommandLineSwitches=, takesScreenshot=true}]">
      <![CDATA[org.openqa.selenium.UnhandledAlertException: Modal dialog present: 
Build info: version: '2.40.0', revision: 'fbe29a9', time: '2014-02-19 20:54:28'
System info: host: 'Asity', ip: '10.0.1.44', os.name: 'Windows 7', os.arch: 'x86', os.version: '6.1', java.version: '1.7.0_25'
Session ID: 72294a06-fff8-490a-8e50-e8b0c2eaf43c
Driver info: org.openqa.selenium.ie.InternetExplorerDriver
Capabilities [{platform=WINDOWS, javascriptEnabled=true, elementScrollBehavior=0, ignoreZoomSetting=false, enablePersistentHover=true, ie.ensureCleanSession=false, browserName=internet explorer, enableElementCacheCleanup=true, unexpectedAlertBehaviour=ignore, version=8, ie.usePerProcessProxy=false, cssSelectorsEnabled=true, ignoreProtectedModeSettings=true, requireWindowFocus=false, handlesAlerts=true, initialBrowserUrl=http://localhost:16519/, ie.forceCreateProcessApi=false, nativeEvents=true, browserAttachTimeout=0, ie.browserCommandLineSwitches=, takesScreenshot=true}]: 
Build info: version: '2.38.0', revision: 'bd32d4e7247a32d801b3d2d4f84a4e7384300378', time: '2013-12-05 09:01:37'
System info: host: 'Twist-Resourcess-iMac.local', ip: '10.0.1.7', os.name: 'Mac OS X', os.arch: 'x86_64', os.version: '10.8', java.version: '1.7.0_04'
Session ID: 0833d435-da22-438e-a638-9d6d6b2b3f80
Driver info: org.openqa.selenium.remote.RemoteWebDriver
Capabilities [{platform=WINDOWS, javascriptEnabled=true, elementScrollBehavior=0, ignoreZoomSetting=false, enablePersistentHover=true, ie.ensureCleanSession=false, browserName=internet explorer, enableElementCacheCleanup=true, unexpectedAlertBehaviour=ignore, webdriver.remote.sessionid=0833d435-da22-438e-a638-9d6d6b2b3f80, version=8, ie.usePerProcessProxy=false, ignoreProtectedModeSettings=true, cssSelectorsEnabled=true, requireWindowFocus=false, handlesAlerts=true, initialBrowserUrl=http://localhost:16519/, ie.forceCreateProcessApi=false, nativeEvents=true, browserAttachTimeout=0, ie.browserCommandLineSwitches=, takesScreenshot=true}]
	at sun.reflect.NativeConstructorAccessorImpl.newInstance0(Native Method)
	at sun.reflect.NativeConstructorAccessorImpl.newInstance(NativeConstructorAccessorImpl.java:57)
	at sun.reflect.DelegatingConstructorAccessorImpl.newInstance(DelegatingConstructorAccessorImpl.java:45)
	at java.lang.reflect.Constructor.newInstance(Constructor.java:525)
	at org.openqa.selenium.remote.ErrorHandler.createThrowable(ErrorHandler.java:193)
	at org.openqa.selenium.remote.ErrorHandler.createUnhandledAlertException(ErrorHandler.java:174)
	at org.openqa.selenium.remote.ErrorHandler.throwIfResponseFailed(ErrorHandler.java:141)
	at org.openqa.selenium.remote.RemoteWebDriver.execute(RemoteWebDriver.java:554)
	at org.openqa.selenium.remote.RemoteWebDriver$RemoteWebDriverOptions$RemoteWindow.maximize(RemoteWebDriver.java:783)
	at com.library.TestInitReference.Startup(TestInitReference.java:113)
	at sun.reflect.NativeMethodAccessorImpl.invoke0(Native Method)
	at sun.reflect.NativeMethodAccessorImpl.invoke(NativeMethodAccessorImpl.java:57)
	at sun.reflect.DelegatingMethodAccessorImpl.invoke(DelegatingMethodAccessorImpl.java:43)
	at java.lang.reflect.Method.invoke(Method.java:601)
	at org.testng.internal.MethodInvocationHelper.invokeMethod(MethodInvocationHelper.java:84)
	at org.testng.internal.Invoker.invokeConfigurationMethod(Invoker.java:564)
	at org.testng.internal.Invoker.invokeConfigurations(Invoker.java:213)
	at org.testng.internal.Invoker.invokeConfigurations(Invoker.java:138)
	at org.testng.internal.TestMethodWorker.invokeBeforeClassMethods(TestMethodWorker.java:175)
	at org.testng.internal.TestMethodWorker.run(TestMethodWorker.java:107)
	at org.testng.TestRunner.privateRun(TestRunner.java:767)
	at org.testng.TestRunner.run(TestRunner.java:617)
	at org.testng.SuiteRunner.runTest(SuiteRunner.java:335)
	at org.testng.SuiteRunner.runSequentially(SuiteRunner.java:330)
	at org.testng.SuiteRunner.privateRun(SuiteRunner.java:291)
	at org.testng.SuiteRunner.run(SuiteRunner.java:240)
	at org.testng.SuiteRunnerWorker.runSuite(SuiteRunnerWorker.java:52)
	at org.testng.SuiteRunnerWorker.run(SuiteRunnerWorker.java:86)
	at org.testng.TestNG.runSuitesSequentially(TestNG.java:1224)
	at org.testng.TestNG.runSuitesLocally(TestNG.java:1149)
	at org.testng.TestNG.run(TestNG.java:1057)
	at org.testng.remote.RemoteTestNG.run(RemoteTestNG.java:111)
	at org.testng.remote.RemoteTestNG.initAndRun(RemoteTestNG.java:204)
	at org.testng.remote.RemoteTestNG.main(RemoteTestNG.java:175)
]]>
    </failure>
  </testcase> <!-- UserRegistration -->
  <testcase name="UserRegistration" time="0.001" classname="com.test.BusinessUserRegistration">
    <failure type="org.openqa.selenium.UnhandledAlertException" message="Modal dialog present: 
Build info: version: &#039;2.40.0&#039;, revision: &#039;fbe29a9&#039;, time: &#039;2014-02-19 20:54:28&#039;
System info: host: &#039;Asity&#039;, ip: &#039;10.0.1.44&#039;, os.name: &#039;Windows 7&#039;, os.arch: &#039;x86&#039;, os.version: &#039;6.1&#039;, java.version: &#039;1.7.0_25&#039;
Session ID: 72294a06-fff8-490a-8e50-e8b0c2eaf43c
Driver info: org.openqa.selenium.ie.InternetExplorerDriver
Capabilities [{platform=WINDOWS, javascriptEnabled=true, elementScrollBehavior=0, ignoreZoomSetting=false, enablePersistentHover=true, ie.ensureCleanSession=false, browserName=internet explorer, enableElementCacheCleanup=true, unexpectedAlertBehaviour=ignore, version=8, ie.usePerProcessProxy=false, cssSelectorsEnabled=true, ignoreProtectedModeSettings=true, requireWindowFocus=false, handlesAlerts=true, initialBrowserUrl=http://localhost:16519/, ie.forceCreateProcessApi=false, nativeEvents=true, browserAttachTimeout=0, ie.browserCommandLineSwitches=, takesScreenshot=true}]: 
Build info: version: &#039;2.38.0&#039;, revision: &#039;bd32d4e7247a32d801b3d2d4f84a4e7384300378&#039;, time: &#039;2013-12-05 09:01:37&#039;
System info: host: &#039;Twist-Resourcess-iMac.local&#039;, ip: &#039;10.0.1.7&#039;, os.name: &#039;Mac OS X&#039;, os.arch: &#039;x86_64&#039;, os.version: &#039;10.8&#039;, java.version: &#039;1.7.0_04&#039;
Session ID: 0833d435-da22-438e-a638-9d6d6b2b3f80
Driver info: org.openqa.selenium.remote.RemoteWebDriver
Capabilities [{platform=WINDOWS, javascriptEnabled=true, elementScrollBehavior=0, ignoreZoomSetting=false, enablePersistentHover=true, ie.ensureCleanSession=false, browserName=internet explorer, enableElementCacheCleanup=true, unexpectedAlertBehaviour=ignore, webdriver.remote.sessionid=0833d435-da22-438e-a638-9d6d6b2b3f80, version=8, ie.usePerProcessProxy=false, ignoreProtectedModeSettings=true, cssSelectorsEnabled=true, requireWindowFocus=false, handlesAlerts=true, initialBrowserUrl=http://localhost:16519/, ie.forceCreateProcessApi=false, nativeEvents=true, browserAttachTimeout=0, ie.browserCommandLineSwitches=, takesScreenshot=true}]">
      <![CDATA[org.openqa.selenium.UnhandledAlertException: Modal dialog present: 
Build info: version: '2.40.0', revision: 'fbe29a9', time: '2014-02-19 20:54:28'
System info: host: 'Asity', ip: '10.0.1.44', os.name: 'Windows 7', os.arch: 'x86', os.version: '6.1', java.version: '1.7.0_25'
Session ID: 72294a06-fff8-490a-8e50-e8b0c2eaf43c
Driver info: org.openqa.selenium.ie.InternetExplorerDriver
Capabilities [{platform=WINDOWS, javascriptEnabled=true, elementScrollBehavior=0, ignoreZoomSetting=false, enablePersistentHover=true, ie.ensureCleanSession=false, browserName=internet explorer, enableElementCacheCleanup=true, unexpectedAlertBehaviour=ignore, version=8, ie.usePerProcessProxy=false, cssSelectorsEnabled=true, ignoreProtectedModeSettings=true, requireWindowFocus=false, handlesAlerts=true, initialBrowserUrl=http://localhost:16519/, ie.forceCreateProcessApi=false, nativeEvents=true, browserAttachTimeout=0, ie.browserCommandLineSwitches=, takesScreenshot=true}]: 
Build info: version: '2.38.0', revision: 'bd32d4e7247a32d801b3d2d4f84a4e7384300378', time: '2013-12-05 09:01:37'
System info: host: 'Twist-Resourcess-iMac.local', ip: '10.0.1.7', os.name: 'Mac OS X', os.arch: 'x86_64', os.version: '10.8', java.version: '1.7.0_04'
Session ID: 0833d435-da22-438e-a638-9d6d6b2b3f80
Driver info: org.openqa.selenium.remote.RemoteWebDriver
Capabilities [{platform=WINDOWS, javascriptEnabled=true, elementScrollBehavior=0, ignoreZoomSetting=false, enablePersistentHover=true, ie.ensureCleanSession=false, browserName=internet explorer, enableElementCacheCleanup=true, unexpectedAlertBehaviour=ignore, webdriver.remote.sessionid=0833d435-da22-438e-a638-9d6d6b2b3f80, version=8, ie.usePerProcessProxy=false, ignoreProtectedModeSettings=true, cssSelectorsEnabled=true, requireWindowFocus=false, handlesAlerts=true, initialBrowserUrl=http://localhost:16519/, ie.forceCreateProcessApi=false, nativeEvents=true, browserAttachTimeout=0, ie.browserCommandLineSwitches=, takesScreenshot=true}]
	at sun.reflect.NativeConstructorAccessorImpl.newInstance0(Native Method)
	at sun.reflect.NativeConstructorAccessorImpl.newInstance(NativeConstructorAccessorImpl.java:57)
	at sun.reflect.DelegatingConstructorAccessorImpl.newInstance(DelegatingConstructorAccessorImpl.java:45)
	at java.lang.reflect.Constructor.newInstance(Constructor.java:525)
	at org.openqa.selenium.remote.ErrorHandler.createThrowable(ErrorHandler.java:193)
	at org.openqa.selenium.remote.ErrorHandler.createUnhandledAlertException(ErrorHandler.java:174)
	at org.openqa.selenium.remote.ErrorHandler.throwIfResponseFailed(ErrorHandler.java:141)
	at org.openqa.selenium.remote.RemoteWebDriver.execute(RemoteWebDriver.java:554)
	at org.openqa.selenium.remote.RemoteWebDriver$RemoteWebDriverOptions$RemoteWindow.maximize(RemoteWebDriver.java:783)
	at com.library.TestInitReference.Startup(TestInitReference.java:113)
	at sun.reflect.NativeMethodAccessorImpl.invoke0(Native Method)
	at sun.reflect.NativeMethodAccessorImpl.invoke(NativeMethodAccessorImpl.java:57)
	at sun.reflect.DelegatingMethodAccessorImpl.invoke(DelegatingMethodAccessorImpl.java:43)
	at java.lang.reflect.Method.invoke(Method.java:601)
	at org.testng.internal.MethodInvocationHelper.invokeMethod(MethodInvocationHelper.java:84)
	at org.testng.internal.Invoker.invokeConfigurationMethod(Invoker.java:564)
	at org.testng.internal.Invoker.invokeConfigurations(Invoker.java:213)
	at org.testng.internal.Invoker.invokeConfigurations(Invoker.java:138)
	at org.testng.internal.TestMethodWorker.invokeBeforeClassMethods(TestMethodWorker.java:175)
	at org.testng.internal.TestMethodWorker.run(TestMethodWorker.java:107)
	at org.testng.TestRunner.privateRun(TestRunner.java:767)
	at org.testng.TestRunner.run(TestRunner.java:617)
	at org.testng.SuiteRunner.runTest(SuiteRunner.java:335)
	at org.testng.SuiteRunner.runSequentially(SuiteRunner.java:330)
	at org.testng.SuiteRunner.privateRun(SuiteRunner.java:291)
	at org.testng.SuiteRunner.run(SuiteRunner.java:240)
	at org.testng.SuiteRunnerWorker.runSuite(SuiteRunnerWorker.java:52)
	at org.testng.SuiteRunnerWorker.run(SuiteRunnerWorker.java:86)
	at org.testng.TestNG.runSuitesSequentially(TestNG.java:1224)
	at org.testng.TestNG.runSuitesLocally(TestNG.java:1149)
	at org.testng.TestNG.run(TestNG.java:1057)
	at org.testng.remote.RemoteTestNG.run(RemoteTestNG.java:111)
	at org.testng.remote.RemoteTestNG.initAndRun(RemoteTestNG.java:204)
	at org.testng.remote.RemoteTestNG.main(RemoteTestNG.java:175)
]]>
    </failure>
  </testcase> <!-- UserRegistration -->
</testsuite> <!-- com.test.BusinessUserRegistration -->
